0    [main] INFO  eclipse.emf.mwe.core.WorkflowEngine  - --------------------------------------------------------------------------------------
1    [main] INFO  eclipse.emf.mwe.core.WorkflowEngine  - EMF Modeling Workflow Engine 1.2.1, Build v201306110341
1    [main] INFO  eclipse.emf.mwe.core.WorkflowEngine  - (c) 2005-2009 openarchitectureware.org and contributors
1    [main] INFO  eclipse.emf.mwe.core.WorkflowEngine  - --------------------------------------------------------------------------------------
1    [main] INFO  eclipse.emf.mwe.core.WorkflowEngine  - running workflow: C:/OOH4RIA/workspace/tupadre/templates/workflow/generator.mwe
1    [main] INFO  eclipse.emf.mwe.core.WorkflowEngine  - 
309  [main] INFO  lipse.emf.mwe.utils.StandaloneSetup  - Registering platform uri 'C:\OOH4RIA\workspace'
435  [main] INFO  lipse.emf.mwe.utils.StandaloneSetup  - Adding generated EPackage 'es.ua.dlsi.ooh.conceptualView.ConceptualViewPackage'
481  [main] INFO  lipse.emf.mwe.utils.StandaloneSetup  - Adding generated EPackage 'org.eclipse.gmf.runtime.notation.NotationPackage'
587  [main] INFO  e.core.container.CompositeComponent  - Workflow: executing workflow workflow::nhibernate::generator.mwe in C:/OOH4RIA/workspace/tupadre/templates/workflow/generator.mwe:11
587  [main] INFO  e.core.container.CompositeComponent  - XmiReader: file 'models/default.domainModel' => slot 'es_ua_dlsi_ooh_conceptual_model'
697  [main] INFO  e.core.container.CompositeComponent  - CheckComponent: slot es_ua_dlsi_ooh_conceptual_model check file(s): metamodel::Checks 
1039 [main] INFO  e.core.container.CompositeComponent  - es.ua.dlsi.ooh.persistence.nhibernate.generator.workflowComponents.CleanBackup
Se ha borrado el directorio backup en la ubicacion: ../tupadreGen\Backup
1052 [main] INFO  e.core.container.CompositeComponent  - Generator(nhibernate.generator): generating 'workflow::nhibernate::workflow::main FOR true' => [../tupadreGen, CONFIGURATION:../tupadreGen(overwrite=false,append=false,fileEncoding=utf-8)]
La licencia está en vigor. Su fecha de expiración es: Tue Jun 18 19:10:14 CEST 2019
configuroConf:C:\Users\ANDRSG~1\AppData\Local\Temp\OOH4RIA4514252060082916836.cfg
enc:utf-8
1423 [main] INFO  and2.pr.ProtectedRegionResolverImpl  - Source scan started ...
1518 [main] INFO  and2.pr.ProtectedRegionResolverImpl  - Source scan finished in 0.095s
1518 [main] INFO  and2.pr.ProtectedRegionResolverImpl  - Files scanned: 46
1518 [main] INFO  and2.pr.ProtectedRegionResolverImpl  - Regions found: 4
enc:utf-8
enc:utf-8
enc:utf-8
enc:utf-8
enc:utf-8
enc:utf-8
1801 [main] INFO  ipse.xtend.util.stdlib.IOExtensions  - PadreCAD
enc:utf-8
1876 [main] INFO  ipse.xtend.util.stdlib.IOExtensions  - MadreCAD
enc:utf-8
enc:utf-8
enc:utf-8
enc:utf-8
2060 [main] INFO  ipse.xtend.util.stdlib.IOExtensions  - PadreCEN
enc:utf-8
2108 [main] INFO  ipse.xtend.util.stdlib.IOExtensions  - MadreCEN
enc:utf-8
enc:utf-8
2207 [main] INFO  ipse.xtend.util.stdlib.IOExtensions  - es.ua.dlsi.ooh.conceptualView.impl.OperationImpl@15d6a01 (name: new, visibility: Public, operationType: New, description: null, type: Object, collectionType: None, isStatic: false, isOrdered: false, filter: null, precondition: null, body: null, postcondition: null, automaticSynchronize: true, customized: false, paging: false, customizedTransaction: false)
2207 [main] INFO  ipse.xtend.util.stdlib.IOExtensions  - es.ua.dlsi.ooh.conceptualView.impl.OperationImpl@92efc3 (name: modify, visibility: Public, operationType: Modifier, description: null, type: Void, collectionType: None, isStatic: false, isOrdered: false, filter: null, precondition: null, body: null, postcondition: null, automaticSynchronize: true, customized: false, paging: false, customizedTransaction: false)
2207 [main] INFO  ipse.xtend.util.stdlib.IOExtensions  - es.ua.dlsi.ooh.conceptualView.impl.OperationImpl@10e8f8e (name: destroy, visibility: Public, operationType: Destroy, description: null, type: Void, collectionType: None, isStatic: false, isOrdered: false, filter: null, precondition: null, body: null, postcondition: null, automaticSynchronize: true, customized: false, paging: false, customizedTransaction: false)
enc:utf-8
2246 [main] INFO  ipse.xtend.util.stdlib.IOExtensions  - es.ua.dlsi.ooh.conceptualView.impl.OperationImpl@1225652 (name: new, visibility: Public, operationType: New, description: null, type: Object, collectionType: None, isStatic: false, isOrdered: false, filter: null, precondition: null, body: null, postcondition: null, automaticSynchronize: true, customized: false, paging: false, customizedTransaction: false)
2246 [main] INFO  ipse.xtend.util.stdlib.IOExtensions  - es.ua.dlsi.ooh.conceptualView.impl.OperationImpl@400542 (name: modify, visibility: Public, operationType: Modifier, description: null, type: Void, collectionType: None, isStatic: false, isOrdered: false, filter: null, precondition: null, body: null, postcondition: null, automaticSynchronize: true, customized: false, paging: false, customizedTransaction: false)
2247 [main] INFO  ipse.xtend.util.stdlib.IOExtensions  - es.ua.dlsi.ooh.conceptualView.impl.OperationImpl@1355449 (name: destroy, visibility: Public, operationType: Destroy, description: null, type: Void, collectionType: None, isStatic: false, isOrdered: false, filter: null, precondition: null, body: null, postcondition: null, automaticSynchronize: true, customized: false, paging: false, customizedTransaction: false)
enc:utf-8
2305 [main] INFO  ipse.xtend.util.stdlib.IOExtensions  - PadreEN
enc:utf-8
2367 [main] INFO  ipse.xtend.util.stdlib.IOExtensions  - MadreEN
enc:utf-8
2424 [main] INFO  ipse.xtend.util.stdlib.IOExtensions  - EN
2433 [main] INFO  ipse.xtend.util.stdlib.IOExtensions  - EN
enc:utf-8
enc:utf-8
2522 [main] INFO         org.eclipse.xpand2.Generator  - Skipped writing of 32 files to outlet [default](../tupadreGen)
2522 [main] INFO  e.core.container.CompositeComponent  - es.ua.dlsi.ooh.persistence.nhibernate.generator.workflowComponents.CreateSolution
2530 [main] INFO  e.core.container.CompositeComponent  - es.ua.dlsi.ooh.persistence.nhibernate.generator.workflowComponents.UpdateSolution
2541 [main] INFO  e.core.container.CompositeComponent  - es.ua.dlsi.ooh.persistence.nhibernate.generator.workflowComponents.CopyDLLs
../tupadreGen\tupadreGenNHibernate\AppLib\Antlr3.Runtime.dll
../tupadreGen\tupadreGenNHibernate\AppLib\Castle.DynamicProxy2.dll
../tupadreGen\tupadreGenNHibernate\AppLib\Iesi.Collections.dll
../tupadreGen\tupadreGenNHibernate\AppLib\jose-jwt.dll
../tupadreGen\tupadreGenNHibernate\AppLib\LinFu.DynamicProxy.dll
../tupadreGen\tupadreGenNHibernate\AppLib\log4net.dll
../tupadreGen\tupadreGenNHibernate\AppLib\Newtonsoft.Json.dll
../tupadreGen\tupadreGenNHibernate\AppLib\NHibernate.ByteCode.Castle.dll
../tupadreGen\tupadreGenNHibernate\AppLib\NHibernate.ByteCode.LinFu.dll
../tupadreGen\tupadreGenNHibernate\AppLib\NHibernate.dll
../tupadreGen\tupadreGenNHibernate\AppLib\nunit.core.dll
../tupadreGen\tupadreGenNHibernate\AppLib\nunit.framework.dll
2549 [main] INFO  eclipse.emf.mwe.core.WorkflowEngine  - workflow completed in 1963ms!
