0    [main] INFO  eclipse.emf.mwe.core.WorkflowEngine  - --------------------------------------------------------------------------------------
1    [main] INFO  eclipse.emf.mwe.core.WorkflowEngine  - EMF Modeling Workflow Engine 1.2.1, Build v201306110341
1    [main] INFO  eclipse.emf.mwe.core.WorkflowEngine  - (c) 2005-2009 openarchitectureware.org and contributors
1    [main] INFO  eclipse.emf.mwe.core.WorkflowEngine  - --------------------------------------------------------------------------------------
1    [main] INFO  eclipse.emf.mwe.core.WorkflowEngine  - running workflow: C:/OOH4RIA/workspace/EjemploViernes/templates/workflow/generator.mwe
1    [main] INFO  eclipse.emf.mwe.core.WorkflowEngine  - 
297  [main] INFO  lipse.emf.mwe.utils.StandaloneSetup  - Registering platform uri 'C:\OOH4RIA\workspace'
481  [main] INFO  lipse.emf.mwe.utils.StandaloneSetup  - Adding generated EPackage 'es.ua.dlsi.ooh.conceptualView.ConceptualViewPackage'
528  [main] INFO  lipse.emf.mwe.utils.StandaloneSetup  - Adding generated EPackage 'org.eclipse.gmf.runtime.notation.NotationPackage'
630  [main] INFO  e.core.container.CompositeComponent  - Workflow: executing workflow workflow::nhibernate::generator.mwe in C:/OOH4RIA/workspace/EjemploViernes/templates/workflow/generator.mwe:11
630  [main] INFO  e.core.container.CompositeComponent  - XmiReader: file 'models/default.domainModel' => slot 'es_ua_dlsi_ooh_conceptual_model'
751  [main] INFO  e.core.container.CompositeComponent  - CheckComponent: slot es_ua_dlsi_ooh_conceptual_model check file(s): metamodel::Checks 
1052 [main] INFO  e.core.container.CompositeComponent  - es.ua.dlsi.ooh.persistence.nhibernate.generator.workflowComponents.CleanBackup
Se ha borrado el directorio backup en la ubicacion: ../EjemploViernesGen\Backup
1061 [main] INFO  e.core.container.CompositeComponent  - Generator(nhibernate.generator): generating 'workflow::nhibernate::workflow::main FOR true' => [../EjemploViernesGen, CONFIGURATION:../EjemploViernesGen(overwrite=false,append=false,fileEncoding=utf-8)]
La licencia está en vigor. Su fecha de expiración es: Tue Jun 18 12:50:14 CEST 2019
configuroConf:C:\Users\ANDRSG~1\AppData\Local\Temp\OOH4RIA595098073965483505.cfg
enc:utf-8
1368 [main] INFO  and2.pr.ProtectedRegionResolverImpl  - Source scan started ...
1483 [main] INFO  and2.pr.ProtectedRegionResolverImpl  - Source scan finished in 0.115s
1483 [main] INFO  and2.pr.ProtectedRegionResolverImpl  - Files scanned: 75
1483 [main] INFO  and2.pr.ProtectedRegionResolverImpl  - Regions found: 6
enc:utf-8
enc:utf-8
enc:utf-8
enc:utf-8
enc:utf-8
enc:utf-8
1794 [main] INFO  ipse.xtend.util.stdlib.IOExtensions  - ClienteCAD
enc:utf-8
1870 [main] INFO  ipse.xtend.util.stdlib.IOExtensions  - PedidoCAD
LA clase origen: Pedido y el nombre de rol: cliente
Encontrado en: asoOrigin: cliente_pedido. El nombre del rol origen: cliente y el nombre de rol destino: pedidos
LA clase origen: Pedido y el nombre de rol: cliente
Encontrado en: asoOrigin: cliente_pedido. El nombre del rol origen: cliente y el nombre de rol destino: pedidos
LA clase origen: Pedido y el nombre de rol: cliente
Encontrado en: asoOrigin: cliente_pedido. El nombre del rol origen: cliente y el nombre de rol destino: pedidos
LA clase origen: Pedido y el nombre de rol: cliente
Encontrado en: asoOrigin: cliente_pedido. El nombre del rol origen: cliente y el nombre de rol destino: pedidos
LA clase origen: Pedido y el nombre de rol: cliente
Encontrado en: asoOrigin: cliente_pedido. El nombre del rol origen: cliente y el nombre de rol destino: pedidos
LA clase origen: Pedido y el nombre de rol: cliente
Encontrado en: asoOrigin: cliente_pedido. El nombre del rol origen: cliente y el nombre de rol destino: pedidos
enc:utf-8
1938 [main] INFO  ipse.xtend.util.stdlib.IOExtensions  - LineaPedidoCAD
LA clase origen: LineaPedido y el nombre de rol: pedido_0
LA clase destino: LineaPedido y el nombre de rol: pedido_0
Encontrado en: asoTarget: lineaPedido_pedido_0 El nombre de rol origen (generado): lineaPedido y el nombre del rol destino:pedido_0
LA clase origen: LineaPedido y el nombre de rol: pedido_0
LA clase destino: LineaPedido y el nombre de rol: pedido_0
Encontrado en: asoTarget: lineaPedido_pedido_0 El nombre de rol origen (generado): lineaPedido y el nombre del rol destino:pedido_0
LA clase origen: LineaPedido y el nombre de rol: pedido_0
LA clase destino: LineaPedido y el nombre de rol: pedido_0
Encontrado en: asoTarget: lineaPedido_pedido_0 El nombre de rol origen (generado): lineaPedido y el nombre del rol destino:pedido_0
enc:utf-8
1997 [main] INFO  ipse.xtend.util.stdlib.IOExtensions  - CLienteVIPCAD
enc:utf-8
2061 [main] INFO  ipse.xtend.util.stdlib.IOExtensions  - DirEnvioCAD
enc:utf-8
enc:utf-8
enc:utf-8
enc:utf-8
enc:utf-8
enc:utf-8
enc:utf-8
2410 [main] INFO  ipse.xtend.util.stdlib.IOExtensions  - ClienteCEN
enc:utf-8
2463 [main] INFO  ipse.xtend.util.stdlib.IOExtensions  - PedidoCEN
enc:utf-8
2517 [main] INFO  ipse.xtend.util.stdlib.IOExtensions  - LineaPedidoCEN
enc:utf-8
2568 [main] INFO  ipse.xtend.util.stdlib.IOExtensions  - CLienteVIPCEN
enc:utf-8
2620 [main] INFO  ipse.xtend.util.stdlib.IOExtensions  - DirEnvioCEN
enc:utf-8
enc:utf-8
enc:utf-8
2764 [main] INFO  ipse.xtend.util.stdlib.IOExtensions  - es.ua.dlsi.ooh.conceptualView.impl.OperationImpl@22f9e2 (name: nuevo, visibility: Public, operationType: New, description: null, type: Object, collectionType: None, isStatic: false, isOrdered: false, filter: null, precondition: null, body: null, postcondition: null, automaticSynchronize: true, customized: false, paging: false, customizedTransaction: false)
2765 [main] INFO  ipse.xtend.util.stdlib.IOExtensions  - es.ua.dlsi.ooh.conceptualView.impl.OperationImpl@10e8f8e (name: modify, visibility: Public, operationType: Modifier, description: null, type: Void, collectionType: None, isStatic: false, isOrdered: false, filter: null, precondition: null, body: null, postcondition: null, automaticSynchronize: true, customized: false, paging: false, customizedTransaction: false)
2765 [main] INFO  ipse.xtend.util.stdlib.IOExtensions  - es.ua.dlsi.ooh.conceptualView.impl.OperationImpl@b7ac2f (name: destroy, visibility: Public, operationType: Destroy, description: null, type: Void, collectionType: None, isStatic: false, isOrdered: false, filter: null, precondition: null, body: null, postcondition: null, automaticSynchronize: true, customized: false, paging: false, customizedTransaction: false)
2765 [main] INFO  ipse.xtend.util.stdlib.IOExtensions  - es.ua.dlsi.ooh.conceptualView.impl.OperationImpl@10b0854 (name: mostrarClienteOID, visibility: Public, operationType: ReadOID, description: null, type: Object, collectionType: None, isStatic: false, isOrdered: false, filter: null, precondition: null, body: null, postcondition: null, automaticSynchronize: true, customized: false, paging: false, customizedTransaction: false)
2765 [main] INFO  ipse.xtend.util.stdlib.IOExtensions  - es.ua.dlsi.ooh.conceptualView.impl.OperationImpl@e41621 (name: mostrarClientes, visibility: Public, operationType: ReadAll, description: null, type: Object, collectionType: List, isStatic: false, isOrdered: false, filter: null, precondition: null, body: null, postcondition: null, automaticSynchronize: true, customized: false, paging: false, customizedTransaction: false)
enc:utf-8
2804 [main] INFO  ipse.xtend.util.stdlib.IOExtensions  - es.ua.dlsi.ooh.conceptualView.impl.OperationImpl@15eaaf1 (name: new, visibility: Public, operationType: New, description: null, type: Object, collectionType: None, isStatic: false, isOrdered: false, filter: null, precondition: null, body: null, postcondition: null, automaticSynchronize: true, customized: false, paging: false, customizedTransaction: false)
2804 [main] INFO  ipse.xtend.util.stdlib.IOExtensions  - es.ua.dlsi.ooh.conceptualView.impl.OperationImpl@82df6a (name: modify, visibility: Public, operationType: Modifier, description: null, type: Void, collectionType: None, isStatic: false, isOrdered: false, filter: null, precondition: null, body: null, postcondition: null, automaticSynchronize: true, customized: false, paging: false, customizedTransaction: false)
2804 [main] INFO  ipse.xtend.util.stdlib.IOExtensions  - es.ua.dlsi.ooh.conceptualView.impl.OperationImpl@17d444 (name: destroy, visibility: Public, operationType: Destroy, description: null, type: Void, collectionType: None, isStatic: false, isOrdered: false, filter: null, precondition: null, body: null, postcondition: null, automaticSynchronize: true, customized: false, paging: false, customizedTransaction: false)
2804 [main] INFO  ipse.xtend.util.stdlib.IOExtensions  - es.ua.dlsi.ooh.conceptualView.impl.OperationImpl@b472aa (name: enviar, visibility: Public, operationType: Custom, description: null, type: Void, collectionType: None, isStatic: false, isOrdered: false, filter: null, precondition: null, body: null, postcondition: null, automaticSynchronize: true, customized: false, paging: false, customizedTransaction: false)
2804 [main] INFO  ipse.xtend.util.stdlib.IOExtensions  - es.ua.dlsi.ooh.conceptualView.impl.OperationImpl@125dc0f (name: anyDir, visibility: Public, operationType: Relationer, description: null, type: Void, collectionType: None, isStatic: false, isOrdered: false, filter: null, precondition: null, body: null, postcondition: null, automaticSynchronize: true, customized: false, paging: false, customizedTransaction: false)
2804 [main] INFO  ipse.xtend.util.stdlib.IOExtensions  - es.ua.dlsi.ooh.conceptualView.impl.OperationImpl@1e36e46 (name: elimDir, visibility: Public, operationType: Unrelationer, description: null, type: Void, collectionType: None, isStatic: false, isOrdered: false, filter: null, precondition: null, body: null, postcondition: null, automaticSynchronize: true, customized: false, paging: false, customizedTransaction: false)
enc:utf-8
2850 [main] INFO  ipse.xtend.util.stdlib.IOExtensions  - es.ua.dlsi.ooh.conceptualView.impl.OperationImpl@8f5957 (name: new, visibility: Public, operationType: New, description: null, type: Object, collectionType: None, isStatic: false, isOrdered: false, filter: null, precondition: null, body: null, postcondition: null, automaticSynchronize: true, customized: false, paging: false, customizedTransaction: false)
2850 [main] INFO  ipse.xtend.util.stdlib.IOExtensions  - es.ua.dlsi.ooh.conceptualView.impl.OperationImpl@3c4f91 (name: modify, visibility: Public, operationType: Modifier, description: null, type: Void, collectionType: None, isStatic: false, isOrdered: false, filter: null, precondition: null, body: null, postcondition: null, automaticSynchronize: true, customized: false, paging: false, customizedTransaction: false)
2850 [main] INFO  ipse.xtend.util.stdlib.IOExtensions  - es.ua.dlsi.ooh.conceptualView.impl.OperationImpl@ec5519 (name: destroy, visibility: Public, operationType: Destroy, description: null, type: Void, collectionType: None, isStatic: false, isOrdered: false, filter: null, precondition: null, body: null, postcondition: null, automaticSynchronize: true, customized: false, paging: false, customizedTransaction: false)
enc:utf-8
2897 [main] INFO  ipse.xtend.util.stdlib.IOExtensions  - es.ua.dlsi.ooh.conceptualView.impl.OperationImpl@b3a8c8 (name: new, visibility: Public, operationType: New, description: null, type: Object, collectionType: None, isStatic: false, isOrdered: false, filter: null, precondition: null, body: null, postcondition: null, automaticSynchronize: true, customized: false, paging: false, customizedTransaction: false)
2897 [main] INFO  ipse.xtend.util.stdlib.IOExtensions  - es.ua.dlsi.ooh.conceptualView.impl.OperationImpl@171cd7 (name: modify, visibility: Public, operationType: Modifier, description: null, type: Void, collectionType: None, isStatic: false, isOrdered: false, filter: null, precondition: null, body: null, postcondition: null, automaticSynchronize: true, customized: false, paging: false, customizedTransaction: false)
2897 [main] INFO  ipse.xtend.util.stdlib.IOExtensions  - es.ua.dlsi.ooh.conceptualView.impl.OperationImpl@1bf57b3 (name: destroy, visibility: Public, operationType: Destroy, description: null, type: Void, collectionType: None, isStatic: false, isOrdered: false, filter: null, precondition: null, body: null, postcondition: null, automaticSynchronize: true, customized: false, paging: false, customizedTransaction: false)
enc:utf-8
2943 [main] INFO  ipse.xtend.util.stdlib.IOExtensions  - es.ua.dlsi.ooh.conceptualView.impl.OperationImpl@e6fdee (name: new, visibility: Public, operationType: New, description: null, type: Object, collectionType: None, isStatic: false, isOrdered: false, filter: null, precondition: null, body: null, postcondition: null, automaticSynchronize: true, customized: false, paging: false, customizedTransaction: false)
2943 [main] INFO  ipse.xtend.util.stdlib.IOExtensions  - es.ua.dlsi.ooh.conceptualView.impl.OperationImpl@1ff3e9e (name: modify, visibility: Public, operationType: Modifier, description: null, type: Void, collectionType: None, isStatic: false, isOrdered: false, filter: null, precondition: null, body: null, postcondition: null, automaticSynchronize: true, customized: false, paging: false, customizedTransaction: false)
2943 [main] INFO  ipse.xtend.util.stdlib.IOExtensions  - es.ua.dlsi.ooh.conceptualView.impl.OperationImpl@20b53a (name: destroy, visibility: Public, operationType: Destroy, description: null, type: Void, collectionType: None, isStatic: false, isOrdered: false, filter: null, precondition: null, body: null, postcondition: null, automaticSynchronize: true, customized: false, paging: false, customizedTransaction: false)
enc:utf-8
2987 [main] INFO  ipse.xtend.util.stdlib.IOExtensions  - ClienteEN
enc:utf-8
3039 [main] INFO  ipse.xtend.util.stdlib.IOExtensions  - PedidoEN
enc:utf-8
3094 [main] INFO  ipse.xtend.util.stdlib.IOExtensions  - LineaPedidoEN
enc:utf-8
3149 [main] INFO  ipse.xtend.util.stdlib.IOExtensions  - CLienteVIPEN
enc:utf-8
3202 [main] INFO  ipse.xtend.util.stdlib.IOExtensions  - DirEnvioEN
enc:utf-8
enc:utf-8
3306 [main] INFO  ipse.xtend.util.stdlib.IOExtensions  - EN
3310 [main] INFO  ipse.xtend.util.stdlib.IOExtensions  - EN
3313 [main] INFO  ipse.xtend.util.stdlib.IOExtensions  - EN
3316 [main] INFO  ipse.xtend.util.stdlib.IOExtensions  - EN
enc:utf-8
enc:utf-8
3397 [main] INFO         org.eclipse.xpand2.Generator  - Written 1 files to outlet [default](../EjemploViernesGen)
3397 [main] INFO         org.eclipse.xpand2.Generator  - Skipped writing of 51 files to outlet [default](../EjemploViernesGen)
3397 [main] INFO  e.core.container.CompositeComponent  - es.ua.dlsi.ooh.persistence.nhibernate.generator.workflowComponents.CreateSolution
3405 [main] INFO  e.core.container.CompositeComponent  - es.ua.dlsi.ooh.persistence.nhibernate.generator.workflowComponents.UpdateSolution
3417 [main] INFO  e.core.container.CompositeComponent  - es.ua.dlsi.ooh.persistence.nhibernate.generator.workflowComponents.CopyDLLs
../EjemploViernesGen\EjemploViernesGenNHibernate\AppLib\Antlr3.Runtime.dll
../EjemploViernesGen\EjemploViernesGenNHibernate\AppLib\Castle.DynamicProxy2.dll
../EjemploViernesGen\EjemploViernesGenNHibernate\AppLib\Iesi.Collections.dll
../EjemploViernesGen\EjemploViernesGenNHibernate\AppLib\jose-jwt.dll
../EjemploViernesGen\EjemploViernesGenNHibernate\AppLib\LinFu.DynamicProxy.dll
../EjemploViernesGen\EjemploViernesGenNHibernate\AppLib\log4net.dll
../EjemploViernesGen\EjemploViernesGenNHibernate\AppLib\Newtonsoft.Json.dll
../EjemploViernesGen\EjemploViernesGenNHibernate\AppLib\NHibernate.ByteCode.Castle.dll
../EjemploViernesGen\EjemploViernesGenNHibernate\AppLib\NHibernate.ByteCode.LinFu.dll
../EjemploViernesGen\EjemploViernesGenNHibernate\AppLib\NHibernate.dll
../EjemploViernesGen\EjemploViernesGenNHibernate\AppLib\nunit.core.dll
../EjemploViernesGen\EjemploViernesGenNHibernate\AppLib\nunit.framework.dll
3425 [main] INFO  eclipse.emf.mwe.core.WorkflowEngine  - workflow completed in 2796ms!
