0    [main] INFO  eclipse.emf.mwe.core.WorkflowEngine  - --------------------------------------------------------------------------------------
0    [main] INFO  eclipse.emf.mwe.core.WorkflowEngine  - EMF Modeling Workflow Engine 1.2.1, Build v201306110341
0    [main] INFO  eclipse.emf.mwe.core.WorkflowEngine  - (c) 2005-2009 openarchitectureware.org and contributors
0    [main] INFO  eclipse.emf.mwe.core.WorkflowEngine  - --------------------------------------------------------------------------------------
0    [main] INFO  eclipse.emf.mwe.core.WorkflowEngine  - running workflow: C:/OOH4RIA/workspace/SuperPet/templates/workflow/generator.mwe
0    [main] INFO  eclipse.emf.mwe.core.WorkflowEngine  - 
388  [main] INFO  lipse.emf.mwe.utils.StandaloneSetup  - Registering platform uri 'C:\OOH4RIA\workspace'
488  [main] INFO  lipse.emf.mwe.utils.StandaloneSetup  - Adding generated EPackage 'es.ua.dlsi.ooh.conceptualView.ConceptualViewPackage'
582  [main] INFO  lipse.emf.mwe.utils.StandaloneSetup  - Adding generated EPackage 'org.eclipse.gmf.runtime.notation.NotationPackage'
847  [main] INFO  e.core.container.CompositeComponent  - Workflow: executing workflow workflow::nhibernate::generator.mwe in C:/OOH4RIA/workspace/SuperPet/templates/workflow/generator.mwe:11
847  [main] INFO  e.core.container.CompositeComponent  - XmiReader: file 'models/default.domainModel' => slot 'es_ua_dlsi_ooh_conceptual_model'
1107 [main] INFO  e.core.container.CompositeComponent  - CheckComponent: slot es_ua_dlsi_ooh_conceptual_model check file(s): metamodel::Checks 
1779 [main] INFO  e.core.container.CompositeComponent  - es.ua.dlsi.ooh.persistence.nhibernate.generator.workflowComponents.CleanBackup
Se ha borrado el directorio backup en la ubicacion: ../SuperPetGen\Backup
1810 [main] INFO  e.core.container.CompositeComponent  - Generator(nhibernate.generator): generating 'workflow::nhibernate::workflow::main FOR true' => [CONFIGURATION:../SuperPetGen(overwrite=false,append=false,fileEncoding=utf-8), ../SuperPetGen]
La licencia está en vigor. Su fecha de expiración es: Tue Jun 18 12:56:59 CEST 2019
configuroConf:C:\Users\PABLOG~1\AppData\Local\Temp\OOH4RIA5368177488464455627.cfg
enc:utf-8
4017 [main] INFO  and2.pr.ProtectedRegionResolverImpl  - Source scan started ...
4017 [main] INFO  and2.pr.ProtectedRegionResolverImpl  - Source scan finished in 0.0s
4017 [main] INFO  and2.pr.ProtectedRegionResolverImpl  - Files scanned: 4
4017 [main] INFO  and2.pr.ProtectedRegionResolverImpl  - Regions found: 0
enc:utf-8
enc:utf-8
enc:utf-8
enc:utf-8
enc:utf-8
enc:utf-8
7007 [main] INFO  ipse.xtend.util.stdlib.IOExtensions  - ValoracionCAD
LA clase origen: Valoracion y el nombre de rol: usuario
DISTINTO en: asoOrigin: producto_valoracion. El nombre del rol origen: producto de el rol destino: usuario
LA clase destino: Valoracion y el nombre de rol: usuario
Encontrado en: asoTarget: valoracion_usuario El nombre de rol origen (generado): valoracion y el nombre del rol destino:usuario
LA clase origen: Valoracion y el nombre de rol: usuario
DISTINTO en: asoOrigin: producto_valoracion. El nombre del rol origen: producto de el rol destino: usuario
LA clase destino: Valoracion y el nombre de rol: usuario
Encontrado en: asoTarget: valoracion_usuario El nombre de rol origen (generado): valoracion y el nombre del rol destino:usuario
LA clase origen: Valoracion y el nombre de rol: usuario
DISTINTO en: asoOrigin: producto_valoracion. El nombre del rol origen: producto de el rol destino: usuario
LA clase destino: Valoracion y el nombre de rol: usuario
Encontrado en: asoTarget: valoracion_usuario El nombre de rol origen (generado): valoracion y el nombre del rol destino:usuario
LA clase origen: Valoracion y el nombre de rol: producto
Encontrado en: asoOrigin: producto_valoracion. El nombre del rol origen: producto y el nombre de rol destino: valoracion
LA clase origen: Valoracion y el nombre de rol: producto
Encontrado en: asoOrigin: producto_valoracion. El nombre del rol origen: producto y el nombre de rol destino: valoracion
LA clase origen: Valoracion y el nombre de rol: producto
Encontrado en: asoOrigin: producto_valoracion. El nombre del rol origen: producto y el nombre de rol destino: valoracion
LA clase origen: Valoracion y el nombre de rol: producto
Encontrado en: asoOrigin: producto_valoracion. El nombre del rol origen: producto y el nombre de rol destino: valoracion
LA clase origen: Valoracion y el nombre de rol: producto
Encontrado en: asoOrigin: producto_valoracion. El nombre del rol origen: producto y el nombre de rol destino: valoracion
LA clase origen: Valoracion y el nombre de rol: producto
Encontrado en: asoOrigin: producto_valoracion. El nombre del rol origen: producto y el nombre de rol destino: valoracion
enc:utf-8
7511 [main] INFO  ipse.xtend.util.stdlib.IOExtensions  - ComentarioCAD
LA clase origen: Comentario y el nombre de rol: usuario
Encontrado en: asoOrigin: usuario_comentario. El nombre del rol origen: usuario y el nombre de rol destino: comentario
LA clase origen: Comentario y el nombre de rol: usuario
Encontrado en: asoOrigin: usuario_comentario. El nombre del rol origen: usuario y el nombre de rol destino: comentario
LA clase origen: Comentario y el nombre de rol: usuario
Encontrado en: asoOrigin: usuario_comentario. El nombre del rol origen: usuario y el nombre de rol destino: comentario
LA clase origen: Comentario y el nombre de rol: usuario
Encontrado en: asoOrigin: usuario_comentario. El nombre del rol origen: usuario y el nombre de rol destino: comentario
LA clase origen: Comentario y el nombre de rol: usuario
Encontrado en: asoOrigin: usuario_comentario. El nombre del rol origen: usuario y el nombre de rol destino: comentario
LA clase origen: Comentario y el nombre de rol: usuario
Encontrado en: asoOrigin: usuario_comentario. El nombre del rol origen: usuario y el nombre de rol destino: comentario
LA clase origen: Comentario y el nombre de rol: producto
DISTINTO en: asoOrigin: usuario_comentario. El nombre del rol origen: usuario de el rol destino: producto
LA clase destino: Comentario y el nombre de rol: producto
Encontrado en: asoTarget: comentario_producto El nombre de rol origen (generado): comentario y el nombre del rol destino:producto
LA clase origen: Comentario y el nombre de rol: producto
DISTINTO en: asoOrigin: usuario_comentario. El nombre del rol origen: usuario de el rol destino: producto
LA clase destino: Comentario y el nombre de rol: producto
Encontrado en: asoTarget: comentario_producto El nombre de rol origen (generado): comentario y el nombre del rol destino:producto
LA clase origen: Comentario y el nombre de rol: producto
DISTINTO en: asoOrigin: usuario_comentario. El nombre del rol origen: usuario de el rol destino: producto
LA clase destino: Comentario y el nombre de rol: producto
Encontrado en: asoTarget: comentario_producto El nombre de rol origen (generado): comentario y el nombre del rol destino:producto
enc:utf-8
8276 [main] INFO  ipse.xtend.util.stdlib.IOExtensions  - UsuarioCAD
enc:utf-8
8849 [main] INFO  ipse.xtend.util.stdlib.IOExtensions  - CategoriaCAD
enc:utf-8
9324 [main] INFO  ipse.xtend.util.stdlib.IOExtensions  - ProductoCAD
LA clase origen: Producto y el nombre de rol: categoria
DISTINTO en: asoOrigin: comentario_producto. El nombre del rol origen: comentario de el rol destino: categoria
DISTINTO en: asoOrigin: linea Pedido_producto. El nombre del rol origen: linea Pedido de el rol destino: categoria
LA clase destino: Producto y el nombre de rol: categoria
Encontrado en: asoTarget: producto_categoria El nombre de rol origen (generado): producto y el nombre del rol destino:categoria
LA clase origen: Producto y el nombre de rol: categoria
DISTINTO en: asoOrigin: comentario_producto. El nombre del rol origen: comentario de el rol destino: categoria
DISTINTO en: asoOrigin: linea Pedido_producto. El nombre del rol origen: linea Pedido de el rol destino: categoria
LA clase destino: Producto y el nombre de rol: categoria
Encontrado en: asoTarget: producto_categoria El nombre de rol origen (generado): producto y el nombre del rol destino:categoria
LA clase origen: Producto y el nombre de rol: categoria
DISTINTO en: asoOrigin: comentario_producto. El nombre del rol origen: comentario de el rol destino: categoria
DISTINTO en: asoOrigin: linea Pedido_producto. El nombre del rol origen: linea Pedido de el rol destino: categoria
LA clase destino: Producto y el nombre de rol: categoria
Encontrado en: asoTarget: producto_categoria El nombre de rol origen (generado): producto y el nombre del rol destino:categoria
enc:utf-8
9789 [main] INFO  ipse.xtend.util.stdlib.IOExtensions  - PedidoCAD
LA clase origen: Pedido y el nombre de rol: usuario
DISTINTO en: asoOrigin: linea Pedido_pedido. El nombre del rol origen: linea Pedido de el rol destino: usuario
LA clase destino: Pedido y el nombre de rol: usuario
Encontrado en: asoTarget: pedido_usuario El nombre de rol origen (generado): pedidoRealizado y el nombre del rol destino:usuario
LA clase origen: Pedido y el nombre de rol: usuario
DISTINTO en: asoOrigin: linea Pedido_pedido. El nombre del rol origen: linea Pedido de el rol destino: usuario
LA clase destino: Pedido y el nombre de rol: usuario
Encontrado en: asoTarget: pedido_usuario El nombre de rol origen (generado): pedidoRealizado y el nombre del rol destino:usuario
LA clase origen: Pedido y el nombre de rol: usuario
DISTINTO en: asoOrigin: linea Pedido_pedido. El nombre del rol origen: linea Pedido de el rol destino: usuario
LA clase destino: Pedido y el nombre de rol: usuario
Encontrado en: asoTarget: pedido_usuario El nombre de rol origen (generado): pedidoRealizado y el nombre del rol destino:usuario
LA clase origen: Pedido y el nombre de rol: usuario_0
DISTINTO en: asoOrigin: linea Pedido_pedido. El nombre del rol origen: linea Pedido de el rol destino: usuario_0
LA clase destino: Pedido y el nombre de rol: usuario_0
DISTINTO en: asoTarget: pedido_usuario. El nombre del rol destino: usuario de el rol origen: usuario_0
Encontrado en: asoTarget: pedido_0_usuario_0 El nombre de rol origen (generado): carritoActual y el nombre del rol destino:usuario_0
LA clase origen: Pedido y el nombre de rol: usuario_0
DISTINTO en: asoOrigin: linea Pedido_pedido. El nombre del rol origen: linea Pedido de el rol destino: usuario_0
LA clase destino: Pedido y el nombre de rol: usuario_0
DISTINTO en: asoTarget: pedido_usuario. El nombre del rol destino: usuario de el rol origen: usuario_0
Encontrado en: asoTarget: pedido_0_usuario_0 El nombre de rol origen (generado): carritoActual y el nombre del rol destino:usuario_0
LA clase origen: Pedido y el nombre de rol: usuario_0
DISTINTO en: asoOrigin: linea Pedido_pedido. El nombre del rol origen: linea Pedido de el rol destino: usuario_0
LA clase destino: Pedido y el nombre de rol: usuario_0
DISTINTO en: asoTarget: pedido_usuario. El nombre del rol destino: usuario de el rol origen: usuario_0
Encontrado en: asoTarget: pedido_0_usuario_0 El nombre de rol origen (generado): carritoActual y el nombre del rol destino:usuario_0
enc:utf-8
10258 [main] INFO  ipse.xtend.util.stdlib.IOExtensions  - LineaPedidoCAD
LA clase origen: LineaPedido y el nombre de rol: producto
LA clase destino: LineaPedido y el nombre de rol: producto
Encontrado en: asoTarget: linea Pedido_producto El nombre de rol origen (generado): linea Pedido y el nombre del rol destino:producto
LA clase origen: LineaPedido y el nombre de rol: producto
LA clase destino: LineaPedido y el nombre de rol: producto
Encontrado en: asoTarget: linea Pedido_producto El nombre de rol origen (generado): linea Pedido y el nombre del rol destino:producto
LA clase origen: LineaPedido y el nombre de rol: producto
LA clase destino: LineaPedido y el nombre de rol: producto
Encontrado en: asoTarget: linea Pedido_producto El nombre de rol origen (generado): linea Pedido y el nombre del rol destino:producto
LA clase origen: LineaPedido y el nombre de rol: pedido
LA clase destino: LineaPedido y el nombre de rol: pedido
DISTINTO en: asoTarget: linea Pedido_producto. El nombre del rol destino: producto de el rol origen: pedido
Encontrado en: asoTarget: linea Pedido_pedido El nombre de rol origen (generado): linea Pedido y el nombre del rol destino:pedido
LA clase origen: LineaPedido y el nombre de rol: pedido
LA clase destino: LineaPedido y el nombre de rol: pedido
DISTINTO en: asoTarget: linea Pedido_producto. El nombre del rol destino: producto de el rol origen: pedido
Encontrado en: asoTarget: linea Pedido_pedido El nombre de rol origen (generado): linea Pedido y el nombre del rol destino:pedido
LA clase origen: LineaPedido y el nombre de rol: pedido
LA clase destino: LineaPedido y el nombre de rol: pedido
DISTINTO en: asoTarget: linea Pedido_producto. El nombre del rol destino: producto de el rol origen: pedido
Encontrado en: asoTarget: linea Pedido_pedido El nombre de rol origen (generado): linea Pedido y el nombre del rol destino:pedido
enc:utf-8
10765 [main] INFO  ipse.xtend.util.stdlib.IOExtensions  - UsuarioBasicoCAD
enc:utf-8
11218 [main] INFO  ipse.xtend.util.stdlib.IOExtensions  - AdministradorCAD
enc:utf-8
11687 [main] INFO  ipse.xtend.util.stdlib.IOExtensions  - SliderCAD
enc:utf-8
12168 [main] INFO  ipse.xtend.util.stdlib.IOExtensions  - ProductoDescripcionCAD
LA clase origen: ProductoDescripcion y el nombre de rol: producto
Encontrado en: asoOrigin: producto_productoDescripcion. El nombre del rol origen: producto y el nombre de rol destino: productoDescripcion
LA clase origen: ProductoDescripcion y el nombre de rol: producto
Encontrado en: asoOrigin: producto_productoDescripcion. El nombre del rol origen: producto y el nombre de rol destino: productoDescripcion
LA clase origen: ProductoDescripcion y el nombre de rol: producto
Encontrado en: asoOrigin: producto_productoDescripcion. El nombre del rol origen: producto y el nombre de rol destino: productoDescripcion
LA clase origen: ProductoDescripcion y el nombre de rol: producto
Encontrado en: asoOrigin: producto_productoDescripcion. El nombre del rol origen: producto y el nombre de rol destino: productoDescripcion
LA clase origen: ProductoDescripcion y el nombre de rol: producto
Encontrado en: asoOrigin: producto_productoDescripcion. El nombre del rol origen: producto y el nombre de rol destino: productoDescripcion
LA clase origen: ProductoDescripcion y el nombre de rol: producto
Encontrado en: asoOrigin: producto_productoDescripcion. El nombre del rol origen: producto y el nombre de rol destino: productoDescripcion
enc:utf-8
12642 [main] INFO  ipse.xtend.util.stdlib.IOExtensions  - CategoriaDescripcionCAD
LA clase origen: CategoriaDescripcion y el nombre de rol: categoria
Encontrado en: asoOrigin: categoria_categoriaDescripcion. El nombre del rol origen: categoria y el nombre de rol destino: categoriaDescripcion
LA clase origen: CategoriaDescripcion y el nombre de rol: categoria
Encontrado en: asoOrigin: categoria_categoriaDescripcion. El nombre del rol origen: categoria y el nombre de rol destino: categoriaDescripcion
LA clase origen: CategoriaDescripcion y el nombre de rol: categoria
Encontrado en: asoOrigin: categoria_categoriaDescripcion. El nombre del rol origen: categoria y el nombre de rol destino: categoriaDescripcion
LA clase origen: CategoriaDescripcion y el nombre de rol: categoria
Encontrado en: asoOrigin: categoria_categoriaDescripcion. El nombre del rol origen: categoria y el nombre de rol destino: categoriaDescripcion
LA clase origen: CategoriaDescripcion y el nombre de rol: categoria
Encontrado en: asoOrigin: categoria_categoriaDescripcion. El nombre del rol origen: categoria y el nombre de rol destino: categoriaDescripcion
LA clase origen: CategoriaDescripcion y el nombre de rol: categoria
Encontrado en: asoOrigin: categoria_categoriaDescripcion. El nombre del rol origen: categoria y el nombre de rol destino: categoriaDescripcion
enc:utf-8
13110 [main] INFO  ipse.xtend.util.stdlib.IOExtensions  - FacturaCAD
LA clase origen: Factura y el nombre de rol: pedido
Encontrado en: asoOrigin: pedido_factura. El nombre del rol origen: pedido y el nombre de rol destino: factura
LA clase origen: Factura y el nombre de rol: pedido
Encontrado en: asoOrigin: pedido_factura. El nombre del rol origen: pedido y el nombre de rol destino: factura
LA clase origen: Factura y el nombre de rol: pedido
Encontrado en: asoOrigin: pedido_factura. El nombre del rol origen: pedido y el nombre de rol destino: factura
LA clase origen: Factura y el nombre de rol: pedido
Encontrado en: asoOrigin: pedido_factura. El nombre del rol origen: pedido y el nombre de rol destino: factura
LA clase origen: Factura y el nombre de rol: pedido
Encontrado en: asoOrigin: pedido_factura. El nombre del rol origen: pedido y el nombre de rol destino: factura
LA clase origen: Factura y el nombre de rol: pedido
Encontrado en: asoOrigin: pedido_factura. El nombre del rol origen: pedido y el nombre de rol destino: factura
enc:utf-8
13576 [main] INFO  ipse.xtend.util.stdlib.IOExtensions  - DirEnvioCAD
enc:utf-8
14077 [main] INFO  ipse.xtend.util.stdlib.IOExtensions  - MetodoPagoCAD
enc:utf-8
14545 [main] INFO  ipse.xtend.util.stdlib.IOExtensions  - EnvioCAD
LA clase origen: Envio y el nombre de rol: pedido
Encontrado en: asoOrigin: pedido_envio. El nombre del rol origen: pedido y el nombre de rol destino: envio
LA clase origen: Envio y el nombre de rol: pedido
Encontrado en: asoOrigin: pedido_envio. El nombre del rol origen: pedido y el nombre de rol destino: envio
LA clase origen: Envio y el nombre de rol: pedido
Encontrado en: asoOrigin: pedido_envio. El nombre del rol origen: pedido y el nombre de rol destino: envio
LA clase origen: Envio y el nombre de rol: pedido
Encontrado en: asoOrigin: pedido_envio. El nombre del rol origen: pedido y el nombre de rol destino: envio
LA clase origen: Envio y el nombre de rol: pedido
Encontrado en: asoOrigin: pedido_envio. El nombre del rol origen: pedido y el nombre de rol destino: envio
LA clase origen: Envio y el nombre de rol: pedido
Encontrado en: asoOrigin: pedido_envio. El nombre del rol origen: pedido y el nombre de rol destino: envio
enc:utf-8
enc:utf-8
enc:utf-8
enc:utf-8
enc:utf-8
enc:utf-8
enc:utf-8
enc:utf-8
enc:utf-8
enc:utf-8
enc:utf-8
enc:utf-8
enc:utf-8
enc:utf-8
enc:utf-8
enc:utf-8
enc:utf-8
enc:utf-8
23295 [main] INFO  ipse.xtend.util.stdlib.IOExtensions  - ValoracionCEN
enc:utf-8
23923 [main] INFO  ipse.xtend.util.stdlib.IOExtensions  - ComentarioCEN
enc:utf-8
24401 [main] INFO  ipse.xtend.util.stdlib.IOExtensions  - UsuarioCEN
enc:utf-8
24868 [main] INFO  ipse.xtend.util.stdlib.IOExtensions  - CategoriaCEN
enc:utf-8
25321 [main] INFO  ipse.xtend.util.stdlib.IOExtensions  - ProductoCEN
enc:utf-8
25821 [main] INFO  ipse.xtend.util.stdlib.IOExtensions  - PedidoCEN
enc:utf-8
26305 [main] INFO  ipse.xtend.util.stdlib.IOExtensions  - LineaPedidoCEN
enc:utf-8
26916 [main] INFO  ipse.xtend.util.stdlib.IOExtensions  - UsuarioBasicoCEN
enc:utf-8
27383 [main] INFO  ipse.xtend.util.stdlib.IOExtensions  - AdministradorCEN
enc:utf-8
28030 [main] INFO  ipse.xtend.util.stdlib.IOExtensions  - SliderCEN
enc:utf-8
28608 [main] INFO  ipse.xtend.util.stdlib.IOExtensions  - ProductoDescripcionCEN
enc:utf-8
29147 [main] INFO  ipse.xtend.util.stdlib.IOExtensions  - CategoriaDescripcionCEN
enc:utf-8
29615 [main] INFO  ipse.xtend.util.stdlib.IOExtensions  - FacturaCEN
enc:utf-8
30084 [main] INFO  ipse.xtend.util.stdlib.IOExtensions  - DirEnvioCEN
enc:utf-8
30535 [main] INFO  ipse.xtend.util.stdlib.IOExtensions  - MetodoPagoCEN
enc:utf-8
31031 [main] INFO  ipse.xtend.util.stdlib.IOExtensions  - EnvioCEN
enc:utf-8
enc:utf-8
enc:utf-8
enc:utf-8
enc:utf-8
enc:utf-8
enc:utf-8
enc:utf-8
enc:utf-8
35331 [main] INFO  ipse.xtend.util.stdlib.IOExtensions  - es.ua.dlsi.ooh.conceptualView.impl.OperationImpl@1110caf (name: new, visibility: Public, operationType: New, description: null, type: Object, collectionType: None, isStatic: false, isOrdered: false, filter: null, precondition: null, body: null, postcondition: null, automaticSynchronize: true, customized: false, paging: false, customizedTransaction: false)
35331 [main] INFO  ipse.xtend.util.stdlib.IOExtensions  - es.ua.dlsi.ooh.conceptualView.impl.OperationImpl@18d6f3d (name: modify, visibility: Public, operationType: Modifier, description: null, type: Void, collectionType: None, isStatic: false, isOrdered: false, filter: null, precondition: null, body: null, postcondition: null, automaticSynchronize: true, customized: false, paging: false, customizedTransaction: false)
35331 [main] INFO  ipse.xtend.util.stdlib.IOExtensions  - es.ua.dlsi.ooh.conceptualView.impl.OperationImpl@c92844 (name: muestraValoraciones, visibility: Public, operationType: ReadAll, description: null, type: Object, collectionType: List, isStatic: false, isOrdered: false, filter: null, precondition: null, body: null, postcondition: null, automaticSynchronize: true, customized: false, paging: true, customizedTransaction: false)
35331 [main] INFO  ipse.xtend.util.stdlib.IOExtensions  - es.ua.dlsi.ooh.conceptualView.impl.OperationImpl@1e18380 (name: muestraValoracionesPorOID, visibility: Public, operationType: ReadOID, description: null, type: Object, collectionType: None, isStatic: false, isOrdered: false, filter: null, precondition: null, body: null, postcondition: null, automaticSynchronize: true, customized: false, paging: false, customizedTransaction: false)
35331 [main] INFO  ipse.xtend.util.stdlib.IOExtensions  - es.ua.dlsi.ooh.conceptualView.impl.OperationImpl@5feba (name: destroy, visibility: Public, operationType: Destroy, description: null, type: Void, collectionType: None, isStatic: false, isOrdered: false, filter: null, precondition: null, body: null, postcondition: null, automaticSynchronize: true, customized: false, paging: false, customizedTransaction: false)
enc:utf-8
35769 [main] INFO  ipse.xtend.util.stdlib.IOExtensions  - es.ua.dlsi.ooh.conceptualView.impl.OperationImpl@30a1a8 (name: new, visibility: Public, operationType: New, description: null, type: Object, collectionType: None, isStatic: false, isOrdered: false, filter: null, precondition: null, body: null, postcondition: null, automaticSynchronize: true, customized: false, paging: false, customizedTransaction: false)
35769 [main] INFO  ipse.xtend.util.stdlib.IOExtensions  - es.ua.dlsi.ooh.conceptualView.impl.OperationImpl@e34a3c (name: modify, visibility: Public, operationType: Modifier, description: null, type: Void, collectionType: None, isStatic: false, isOrdered: false, filter: null, precondition: null, body: null, postcondition: null, automaticSynchronize: true, customized: false, paging: false, customizedTransaction: false)
35769 [main] INFO  ipse.xtend.util.stdlib.IOExtensions  - es.ua.dlsi.ooh.conceptualView.impl.OperationImpl@929ed4 (name: destroy, visibility: Public, operationType: Destroy, description: null, type: Void, collectionType: None, isStatic: false, isOrdered: false, filter: null, precondition: null, body: null, postcondition: null, automaticSynchronize: true, customized: false, paging: false, customizedTransaction: false)
35769 [main] INFO  ipse.xtend.util.stdlib.IOExtensions  - es.ua.dlsi.ooh.conceptualView.impl.OperationImpl@181496 (name: muestraComentarios, visibility: Public, operationType: ReadAll, description: null, type: Object, collectionType: List, isStatic: false, isOrdered: false, filter: null, precondition: null, body: null, postcondition: null, automaticSynchronize: true, customized: false, paging: true, customizedTransaction: false)
35769 [main] INFO  ipse.xtend.util.stdlib.IOExtensions  - es.ua.dlsi.ooh.conceptualView.impl.OperationImpl@ef85f3 (name: muestraComentarioPorOID, visibility: Public, operationType: ReadOID, description: null, type: Object, collectionType: None, isStatic: false, isOrdered: false, filter: null, precondition: null, body: null, postcondition: null, automaticSynchronize: true, customized: false, paging: false, customizedTransaction: false)
enc:utf-8
36264 [main] INFO  ipse.xtend.util.stdlib.IOExtensions  - es.ua.dlsi.ooh.conceptualView.impl.OperationImpl@fb39f6 (name: new, visibility: Public, operationType: New, description: null, type: Object, collectionType: None, isStatic: false, isOrdered: false, filter: null, precondition: null, body: null, postcondition: null, automaticSynchronize: true, customized: false, paging: false, customizedTransaction: false)
36264 [main] INFO  ipse.xtend.util.stdlib.IOExtensions  - es.ua.dlsi.ooh.conceptualView.impl.OperationImpl@b6cddb (name: modify, visibility: Public, operationType: Modifier, description: null, type: Void, collectionType: None, isStatic: false, isOrdered: false, filter: null, precondition: null, body: null, postcondition: null, automaticSynchronize: true, customized: false, paging: false, customizedTransaction: false)
36264 [main] INFO  ipse.xtend.util.stdlib.IOExtensions  - es.ua.dlsi.ooh.conceptualView.impl.OperationImpl@198ce82 (name: destroy, visibility: Public, operationType: Destroy, description: null, type: Void, collectionType: None, isStatic: false, isOrdered: false, filter: null, precondition: null, body: null, postcondition: null, automaticSynchronize: true, customized: false, paging: false, customizedTransaction: false)
36264 [main] INFO  ipse.xtend.util.stdlib.IOExtensions  - es.ua.dlsi.ooh.conceptualView.impl.OperationImpl@b20be (name: muestraUsuarios, visibility: Public, operationType: ReadAll, description: null, type: Object, collectionType: List, isStatic: false, isOrdered: false, filter: null, precondition: null, body: null, postcondition: null, automaticSynchronize: true, customized: false, paging: true, customizedTransaction: false)
36264 [main] INFO  ipse.xtend.util.stdlib.IOExtensions  - es.ua.dlsi.ooh.conceptualView.impl.OperationImpl@929d0b (name: desactivate, visibility: Public, operationType: Custom, description: null, type: Void, collectionType: None, isStatic: false, isOrdered: false, filter: null, precondition: null, body: null, postcondition: null, automaticSynchronize: true, customized: false, paging: false, customizedTransaction: false)
36264 [main] INFO  ipse.xtend.util.stdlib.IOExtensions  - es.ua.dlsi.ooh.conceptualView.impl.OperationImpl@1d16dae (name: muestraUsuarioPorOID, visibility: Public, operationType: ReadOID, description: null, type: Object, collectionType: None, isStatic: false, isOrdered: false, filter: null, precondition: null, body: null, postcondition: null, automaticSynchronize: true, customized: false, paging: false, customizedTransaction: false)
36264 [main] INFO  ipse.xtend.util.stdlib.IOExtensions  - es.ua.dlsi.ooh.conceptualView.impl.OperationImpl@1a4b4cd (name: cambiarEstado, visibility: Public, operationType: Custom, description: null, type: Object, collectionType: List, isStatic: false, isOrdered: false, filter: null, precondition: null, body: null, postcondition: null, automaticSynchronize: true, customized: false, paging: false, customizedTransaction: false)
enc:utf-8
36708 [main] INFO  ipse.xtend.util.stdlib.IOExtensions  - es.ua.dlsi.ooh.conceptualView.impl.OperationImpl@4a2d5e (name: new, visibility: Public, operationType: New, description: null, type: Object, collectionType: None, isStatic: false, isOrdered: false, filter: null, precondition: null, body: null, postcondition: null, automaticSynchronize: true, customized: false, paging: false, customizedTransaction: false)
36708 [main] INFO  ipse.xtend.util.stdlib.IOExtensions  - es.ua.dlsi.ooh.conceptualView.impl.OperationImpl@71db31 (name: modify, visibility: Public, operationType: Modifier, description: null, type: Void, collectionType: None, isStatic: false, isOrdered: false, filter: null, precondition: null, body: null, postcondition: null, automaticSynchronize: true, customized: false, paging: false, customizedTransaction: false)
36708 [main] INFO  ipse.xtend.util.stdlib.IOExtensions  - es.ua.dlsi.ooh.conceptualView.impl.OperationImpl@3f1e93 (name: destroy, visibility: Public, operationType: Destroy, description: null, type: Void, collectionType: None, isStatic: false, isOrdered: false, filter: null, precondition: null, body: null, postcondition: null, automaticSynchronize: true, customized: false, paging: false, customizedTransaction: false)
36708 [main] INFO  ipse.xtend.util.stdlib.IOExtensions  - es.ua.dlsi.ooh.conceptualView.impl.OperationImpl@1ae8152 (name: muestraCategorias, visibility: Public, operationType: ReadAll, description: null, type: Object, collectionType: List, isStatic: false, isOrdered: false, filter: null, precondition: null, body: null, postcondition: null, automaticSynchronize: true, customized: false, paging: true, customizedTransaction: false)
36708 [main] INFO  ipse.xtend.util.stdlib.IOExtensions  - es.ua.dlsi.ooh.conceptualView.impl.OperationImpl@1ac3689 (name: muestraCategoriaPorOID, visibility: Public, operationType: ReadOID, description: null, type: Object, collectionType: None, isStatic: false, isOrdered: false, filter: null, precondition: null, body: null, postcondition: null, automaticSynchronize: true, customized: false, paging: false, customizedTransaction: false)
36708 [main] INFO  ipse.xtend.util.stdlib.IOExtensions  - es.ua.dlsi.ooh.conceptualView.impl.OperationImpl@1461829 (name: crearSubcategoria, visibility: Public, operationType: Relationer, description: null, type: Void, collectionType: None, isStatic: false, isOrdered: false, filter: null, precondition: null, body: null, postcondition: null, automaticSynchronize: true, customized: false, paging: false, customizedTransaction: false)
enc:utf-8
37161 [main] INFO  ipse.xtend.util.stdlib.IOExtensions  - es.ua.dlsi.ooh.conceptualView.impl.OperationImpl@434ff9 (name: new, visibility: Public, operationType: New, description: null, type: Object, collectionType: None, isStatic: false, isOrdered: false, filter: null, precondition: null, body: null, postcondition: null, automaticSynchronize: true, customized: false, paging: false, customizedTransaction: false)
37161 [main] INFO  ipse.xtend.util.stdlib.IOExtensions  - es.ua.dlsi.ooh.conceptualView.impl.OperationImpl@d1692c (name: modify, visibility: Public, operationType: Modifier, description: null, type: Void, collectionType: None, isStatic: false, isOrdered: false, filter: null, precondition: null, body: null, postcondition: null, automaticSynchronize: true, customized: false, paging: false, customizedTransaction: false)
37161 [main] INFO  ipse.xtend.util.stdlib.IOExtensions  - es.ua.dlsi.ooh.conceptualView.impl.OperationImpl@13541d7 (name: destroy, visibility: Public, operationType: Destroy, description: null, type: Void, collectionType: None, isStatic: false, isOrdered: false, filter: null, precondition: null, body: null, postcondition: null, automaticSynchronize: true, customized: false, paging: false, customizedTransaction: false)
37161 [main] INFO  ipse.xtend.util.stdlib.IOExtensions  - es.ua.dlsi.ooh.conceptualView.impl.OperationImpl@83413f (name: muestraProductos, visibility: Public, operationType: ReadAll, description: null, type: Object, collectionType: List, isStatic: false, isOrdered: false, filter: null, precondition: null, body: null, postcondition: null, automaticSynchronize: true, customized: false, paging: true, customizedTransaction: false)
37161 [main] INFO  ipse.xtend.util.stdlib.IOExtensions  - es.ua.dlsi.ooh.conceptualView.impl.OperationImpl@130be8c (name: muestraProductoPorOID, visibility: Public, operationType: ReadOID, description: null, type: Object, collectionType: None, isStatic: false, isOrdered: false, filter: null, precondition: null, body: null, postcondition: null, automaticSynchronize: true, customized: false, paging: false, customizedTransaction: false)
37161 [main] INFO  ipse.xtend.util.stdlib.IOExtensions  - es.ua.dlsi.ooh.conceptualView.impl.OperationImpl@108d3eb (name: incrementaStock, visibility: Public, operationType: Custom, description: null, type: Void, collectionType: None, isStatic: false, isOrdered: false, filter: null, precondition: null, body: null, postcondition: null, automaticSynchronize: true, customized: false, paging: false, customizedTransaction: false)
37161 [main] INFO  ipse.xtend.util.stdlib.IOExtensions  - es.ua.dlsi.ooh.conceptualView.impl.OperationImpl@a3d488 (name: decrementaStock, visibility: Public, operationType: Custom, description: null, type: Void, collectionType: None, isStatic: false, isOrdered: false, filter: null, precondition: null, body: null, postcondition: null, automaticSynchronize: true, customized: false, paging: false, customizedTransaction: false)
enc:utf-8
37703 [main] INFO  ipse.xtend.util.stdlib.IOExtensions  - es.ua.dlsi.ooh.conceptualView.impl.OperationImpl@1481b9a (name: new, visibility: Public, operationType: New, description: null, type: Object, collectionType: None, isStatic: false, isOrdered: false, filter: null, precondition: null, body: null, postcondition: null, automaticSynchronize: true, customized: false, paging: false, customizedTransaction: false)
37703 [main] INFO  ipse.xtend.util.stdlib.IOExtensions  - es.ua.dlsi.ooh.conceptualView.impl.OperationImpl@2938d (name: modify, visibility: Public, operationType: Modifier, description: null, type: Void, collectionType: None, isStatic: false, isOrdered: false, filter: null, precondition: null, body: null, postcondition: null, automaticSynchronize: true, customized: false, paging: false, customizedTransaction: false)
37703 [main] INFO  ipse.xtend.util.stdlib.IOExtensions  - es.ua.dlsi.ooh.conceptualView.impl.OperationImpl@14043f5 (name: destroy, visibility: Public, operationType: Destroy, description: null, type: Void, collectionType: None, isStatic: false, isOrdered: false, filter: null, precondition: null, body: null, postcondition: null, automaticSynchronize: true, customized: false, paging: false, customizedTransaction: false)
37703 [main] INFO  ipse.xtend.util.stdlib.IOExtensions  - es.ua.dlsi.ooh.conceptualView.impl.OperationImpl@c26e4a (name: muestraPedidos, visibility: Public, operationType: ReadAll, description: null, type: Object, collectionType: List, isStatic: false, isOrdered: false, filter: null, precondition: null, body: null, postcondition: null, automaticSynchronize: true, customized: false, paging: true, customizedTransaction: false)
37703 [main] INFO  ipse.xtend.util.stdlib.IOExtensions  - es.ua.dlsi.ooh.conceptualView.impl.OperationImpl@d6c6eb (name: muestraPedidoPorOID, visibility: Public, operationType: ReadOID, description: null, type: Object, collectionType: None, isStatic: false, isOrdered: false, filter: null, precondition: null, body: null, postcondition: null, automaticSynchronize: true, customized: false, paging: false, customizedTransaction: false)
37703 [main] INFO  ipse.xtend.util.stdlib.IOExtensions  - es.ua.dlsi.ooh.conceptualView.impl.OperationImpl@17ed173 (name: enviarPedido, visibility: Public, operationType: CustomTransaction, description: null, type: Object, collectionType: None, isStatic: false, isOrdered: false, filter: null, precondition: null, body: null, postcondition: null, automaticSynchronize: true, customized: false, paging: false, customizedTransaction: false)
enc:utf-8
38344 [main] INFO  ipse.xtend.util.stdlib.IOExtensions  - es.ua.dlsi.ooh.conceptualView.impl.OperationImpl@17a863f (name: addDirEnvio, visibility: Public, operationType: Relationer, description: null, type: Void, collectionType: None, isStatic: false, isOrdered: false, filter: null, precondition: null, body: null, postcondition: null, automaticSynchronize: true, customized: false, paging: false, customizedTransaction: false)
38344 [main] INFO  ipse.xtend.util.stdlib.IOExtensions  - es.ua.dlsi.ooh.conceptualView.impl.OperationImpl@1085d94 (name: addMetodoPago, visibility: Public, operationType: Relationer, description: null, type: Void, collectionType: None, isStatic: false, isOrdered: false, filter: null, precondition: null, body: null, postcondition: null, automaticSynchronize: true, customized: false, paging: false, customizedTransaction: false)
enc:utf-8
38865 [main] INFO  ipse.xtend.util.stdlib.IOExtensions  - es.ua.dlsi.ooh.conceptualView.impl.OperationImpl@a0a884 (name: new, visibility: Public, operationType: New, description: null, type: Object, collectionType: None, isStatic: false, isOrdered: false, filter: null, precondition: null, body: null, postcondition: null, automaticSynchronize: true, customized: false, paging: false, customizedTransaction: false)
38865 [main] INFO  ipse.xtend.util.stdlib.IOExtensions  - es.ua.dlsi.ooh.conceptualView.impl.OperationImpl@cf2994 (name: modify, visibility: Public, operationType: Modifier, description: null, type: Void, collectionType: None, isStatic: false, isOrdered: false, filter: null, precondition: null, body: null, postcondition: null, automaticSynchronize: true, customized: false, paging: false, customizedTransaction: false)
38865 [main] INFO  ipse.xtend.util.stdlib.IOExtensions  - es.ua.dlsi.ooh.conceptualView.impl.OperationImpl@a300d2 (name: destroy, visibility: Public, operationType: Destroy, description: null, type: Void, collectionType: None, isStatic: false, isOrdered: false, filter: null, precondition: null, body: null, postcondition: null, automaticSynchronize: true, customized: false, paging: false, customizedTransaction: false)
38865 [main] INFO  ipse.xtend.util.stdlib.IOExtensions  - es.ua.dlsi.ooh.conceptualView.impl.OperationImpl@1cb7c74 (name: muestraLineaPedidos, visibility: Public, operationType: ReadAll, description: null, type: Object, collectionType: List, isStatic: false, isOrdered: false, filter: null, precondition: null, body: null, postcondition: null, automaticSynchronize: true, customized: false, paging: true, customizedTransaction: false)
38865 [main] INFO  ipse.xtend.util.stdlib.IOExtensions  - es.ua.dlsi.ooh.conceptualView.impl.OperationImpl@57b1ed (name: muestraLineaPedidoPorOID, visibility: Public, operationType: ReadOID, description: null, type: Object, collectionType: None, isStatic: false, isOrdered: false, filter: null, precondition: null, body: null, postcondition: null, automaticSynchronize: true, customized: false, paging: false, customizedTransaction: false)
enc:utf-8
39312 [main] INFO  ipse.xtend.util.stdlib.IOExtensions  - es.ua.dlsi.ooh.conceptualView.impl.OperationImpl@144f05f (name: login, visibility: Public, operationType: Login, description: null, type: Boolean, collectionType: None, isStatic: false, isOrdered: false, filter: null, precondition: null, body: null, postcondition: null, automaticSynchronize: true, customized: true, paging: false, customizedTransaction: false)
39312 [main] INFO  ipse.xtend.util.stdlib.IOExtensions  - es.ua.dlsi.ooh.conceptualView.impl.OperationImpl@1c59048 (name: logout, visibility: Public, operationType: Custom, description: null, type: Void, collectionType: None, isStatic: false, isOrdered: false, filter: null, precondition: null, body: null, postcondition: null, automaticSynchronize: true, customized: false, paging: false, customizedTransaction: false)
39312 [main] INFO  ipse.xtend.util.stdlib.IOExtensions  - es.ua.dlsi.ooh.conceptualView.impl.OperationImpl@1e27131 (name: new, visibility: Public, operationType: New, description: null, type: Object, collectionType: None, isStatic: false, isOrdered: false, filter: null, precondition: null, body: null, postcondition: null, automaticSynchronize: true, customized: false, paging: false, customizedTransaction: false)
39312 [main] INFO  ipse.xtend.util.stdlib.IOExtensions  - es.ua.dlsi.ooh.conceptualView.impl.OperationImpl@48ec4f (name: modify, visibility: Public, operationType: Modifier, description: null, type: Void, collectionType: None, isStatic: false, isOrdered: false, filter: null, precondition: null, body: null, postcondition: null, automaticSynchronize: true, customized: false, paging: false, customizedTransaction: false)
39312 [main] INFO  ipse.xtend.util.stdlib.IOExtensions  - es.ua.dlsi.ooh.conceptualView.impl.OperationImpl@1101344 (name: destroy, visibility: Public, operationType: Destroy, description: null, type: Void, collectionType: None, isStatic: false, isOrdered: false, filter: null, precondition: null, body: null, postcondition: null, automaticSynchronize: true, customized: false, paging: false, customizedTransaction: false)
enc:utf-8
39800 [main] INFO  ipse.xtend.util.stdlib.IOExtensions  - es.ua.dlsi.ooh.conceptualView.impl.OperationImpl@86b178 (name: new, visibility: Public, operationType: New, description: null, type: Object, collectionType: None, isStatic: false, isOrdered: false, filter: null, precondition: null, body: null, postcondition: null, automaticSynchronize: true, customized: false, paging: false, customizedTransaction: false)
39800 [main] INFO  ipse.xtend.util.stdlib.IOExtensions  - es.ua.dlsi.ooh.conceptualView.impl.OperationImpl@1c5c500 (name: modify, visibility: Public, operationType: Modifier, description: null, type: Void, collectionType: None, isStatic: false, isOrdered: false, filter: null, precondition: null, body: null, postcondition: null, automaticSynchronize: true, customized: false, paging: false, customizedTransaction: false)
39800 [main] INFO  ipse.xtend.util.stdlib.IOExtensions  - es.ua.dlsi.ooh.conceptualView.impl.OperationImpl@2166f2 (name: destroy, visibility: Public, operationType: Destroy, description: null, type: Void, collectionType: None, isStatic: false, isOrdered: false, filter: null, precondition: null, body: null, postcondition: null, automaticSynchronize: true, customized: false, paging: false, customizedTransaction: false)
enc:utf-8
40291 [main] INFO  ipse.xtend.util.stdlib.IOExtensions  - es.ua.dlsi.ooh.conceptualView.impl.OperationImpl@14beca0 (name: new, visibility: Public, operationType: New, description: null, type: Object, collectionType: None, isStatic: false, isOrdered: false, filter: null, precondition: null, body: null, postcondition: null, automaticSynchronize: true, customized: false, paging: false, customizedTransaction: false)
40291 [main] INFO  ipse.xtend.util.stdlib.IOExtensions  - es.ua.dlsi.ooh.conceptualView.impl.OperationImpl@82e4d6 (name: modify, visibility: Public, operationType: Modifier, description: null, type: Void, collectionType: None, isStatic: false, isOrdered: false, filter: null, precondition: null, body: null, postcondition: null, automaticSynchronize: true, customized: false, paging: false, customizedTransaction: false)
40291 [main] INFO  ipse.xtend.util.stdlib.IOExtensions  - es.ua.dlsi.ooh.conceptualView.impl.OperationImpl@f834c8 (name: destroy, visibility: Public, operationType: Destroy, description: null, type: Void, collectionType: None, isStatic: false, isOrdered: false, filter: null, precondition: null, body: null, postcondition: null, automaticSynchronize: true, customized: false, paging: false, customizedTransaction: false)
40291 [main] INFO  ipse.xtend.util.stdlib.IOExtensions  - es.ua.dlsi.ooh.conceptualView.impl.OperationImpl@83bbd2 (name: muestraSliderPorOID, visibility: Public, operationType: ReadOID, description: null, type: Object, collectionType: None, isStatic: false, isOrdered: false, filter: null, precondition: null, body: null, postcondition: null, automaticSynchronize: true, customized: false, paging: false, customizedTransaction: false)
40291 [main] INFO  ipse.xtend.util.stdlib.IOExtensions  - es.ua.dlsi.ooh.conceptualView.impl.OperationImpl@8cd8f0 (name: muestraSliders, visibility: Public, operationType: ReadAll, description: null, type: Object, collectionType: List, isStatic: false, isOrdered: false, filter: null, precondition: null, body: null, postcondition: null, automaticSynchronize: true, customized: false, paging: true, customizedTransaction: false)
40291 [main] INFO  ipse.xtend.util.stdlib.IOExtensions  - es.ua.dlsi.ooh.conceptualView.impl.OperationImpl@f6ab36 (name: cambiarImagen, visibility: Public, operationType: Custom, description: null, type: Void, collectionType: None, isStatic: false, isOrdered: false, filter: null, precondition: null, body: null, postcondition: null, automaticSynchronize: true, customized: false, paging: false, customizedTransaction: false)
enc:utf-8
40726 [main] INFO  ipse.xtend.util.stdlib.IOExtensions  - es.ua.dlsi.ooh.conceptualView.impl.OperationImpl@164b39d (name: new, visibility: Public, operationType: New, description: null, type: Object, collectionType: None, isStatic: false, isOrdered: false, filter: null, precondition: null, body: null, postcondition: null, automaticSynchronize: true, customized: false, paging: false, customizedTransaction: false)
40726 [main] INFO  ipse.xtend.util.stdlib.IOExtensions  - es.ua.dlsi.ooh.conceptualView.impl.OperationImpl@189fd45 (name: modify, visibility: Public, operationType: Modifier, description: null, type: Void, collectionType: None, isStatic: false, isOrdered: false, filter: null, precondition: null, body: null, postcondition: null, automaticSynchronize: true, customized: false, paging: false, customizedTransaction: false)
40726 [main] INFO  ipse.xtend.util.stdlib.IOExtensions  - es.ua.dlsi.ooh.conceptualView.impl.OperationImpl@1702f3f (name: destroy, visibility: Public, operationType: Destroy, description: null, type: Void, collectionType: None, isStatic: false, isOrdered: false, filter: null, precondition: null, body: null, postcondition: null, automaticSynchronize: true, customized: false, paging: false, customizedTransaction: false)
40741 [main] INFO  ipse.xtend.util.stdlib.IOExtensions  - es.ua.dlsi.ooh.conceptualView.impl.OperationImpl@1023661 (name: muestraProductoDescripcionPorOID, visibility: Public, operationType: ReadOID, description: null, type: Object, collectionType: None, isStatic: false, isOrdered: false, filter: null, precondition: null, body: null, postcondition: null, automaticSynchronize: true, customized: false, paging: false, customizedTransaction: false)
40741 [main] INFO  ipse.xtend.util.stdlib.IOExtensions  - es.ua.dlsi.ooh.conceptualView.impl.OperationImpl@ac1f75 (name: muestraProductoDescripcion, visibility: Public, operationType: ReadAll, description: null, type: Object, collectionType: List, isStatic: false, isOrdered: false, filter: null, precondition: null, body: null, postcondition: null, automaticSynchronize: true, customized: false, paging: true, customizedTransaction: false)
enc:utf-8
41179 [main] INFO  ipse.xtend.util.stdlib.IOExtensions  - es.ua.dlsi.ooh.conceptualView.impl.OperationImpl@191d67b (name: new, visibility: Public, operationType: New, description: null, type: Object, collectionType: None, isStatic: false, isOrdered: false, filter: null, precondition: null, body: null, postcondition: null, automaticSynchronize: true, customized: false, paging: false, customizedTransaction: false)
41179 [main] INFO  ipse.xtend.util.stdlib.IOExtensions  - es.ua.dlsi.ooh.conceptualView.impl.OperationImpl@155927f (name: modify, visibility: Public, operationType: Modifier, description: null, type: Void, collectionType: None, isStatic: false, isOrdered: false, filter: null, precondition: null, body: null, postcondition: null, automaticSynchronize: true, customized: false, paging: false, customizedTransaction: false)
41179 [main] INFO  ipse.xtend.util.stdlib.IOExtensions  - es.ua.dlsi.ooh.conceptualView.impl.OperationImpl@1c33ccd (name: destroy, visibility: Public, operationType: Destroy, description: null, type: Void, collectionType: None, isStatic: false, isOrdered: false, filter: null, precondition: null, body: null, postcondition: null, automaticSynchronize: true, customized: false, paging: false, customizedTransaction: false)
41179 [main] INFO  ipse.xtend.util.stdlib.IOExtensions  - es.ua.dlsi.ooh.conceptualView.impl.OperationImpl@f54792 (name: muestraCategoriaDescripcionPorOID, visibility: Public, operationType: ReadOID, description: null, type: Object, collectionType: None, isStatic: false, isOrdered: false, filter: null, precondition: null, body: null, postcondition: null, automaticSynchronize: true, customized: false, paging: false, customizedTransaction: false)
41179 [main] INFO  ipse.xtend.util.stdlib.IOExtensions  - es.ua.dlsi.ooh.conceptualView.impl.OperationImpl@3d8738 (name: muestraCategoriaDescripcion, visibility: Public, operationType: ReadAll, description: null, type: Object, collectionType: List, isStatic: false, isOrdered: false, filter: null, precondition: null, body: null, postcondition: null, automaticSynchronize: true, customized: false, paging: true, customizedTransaction: false)
enc:utf-8
41695 [main] INFO  ipse.xtend.util.stdlib.IOExtensions  - es.ua.dlsi.ooh.conceptualView.impl.OperationImpl@c35868 (name: new, visibility: Public, operationType: New, description: null, type: Object, collectionType: None, isStatic: false, isOrdered: false, filter: null, precondition: null, body: null, postcondition: null, automaticSynchronize: true, customized: false, paging: false, customizedTransaction: false)
41695 [main] INFO  ipse.xtend.util.stdlib.IOExtensions  - es.ua.dlsi.ooh.conceptualView.impl.OperationImpl@82ab51 (name: modify, visibility: Public, operationType: Modifier, description: null, type: Void, collectionType: None, isStatic: false, isOrdered: false, filter: null, precondition: null, body: null, postcondition: null, automaticSynchronize: true, customized: false, paging: false, customizedTransaction: false)
41695 [main] INFO  ipse.xtend.util.stdlib.IOExtensions  - es.ua.dlsi.ooh.conceptualView.impl.OperationImpl@190ecf8 (name: destroy, visibility: Public, operationType: Destroy, description: null, type: Void, collectionType: None, isStatic: false, isOrdered: false, filter: null, precondition: null, body: null, postcondition: null, automaticSynchronize: true, customized: false, paging: false, customizedTransaction: false)
41695 [main] INFO  ipse.xtend.util.stdlib.IOExtensions  - es.ua.dlsi.ooh.conceptualView.impl.OperationImpl@16d3fde (name: muestraFacturaPorOID, visibility: Public, operationType: ReadOID, description: null, type: Object, collectionType: None, isStatic: false, isOrdered: false, filter: null, precondition: null, body: null, postcondition: null, automaticSynchronize: true, customized: false, paging: false, customizedTransaction: false)
41695 [main] INFO  ipse.xtend.util.stdlib.IOExtensions  - es.ua.dlsi.ooh.conceptualView.impl.OperationImpl@8e5ef0 (name: muestraFacturas, visibility: Public, operationType: ReadAll, description: null, type: Object, collectionType: List, isStatic: false, isOrdered: false, filter: null, precondition: null, body: null, postcondition: null, automaticSynchronize: true, customized: false, paging: true, customizedTransaction: false)
41695 [main] INFO  ipse.xtend.util.stdlib.IOExtensions  - es.ua.dlsi.ooh.conceptualView.impl.OperationImpl@fb111c (name: crearFactura, visibility: Public, operationType: CustomTransaction, description: null, type: Void, collectionType: None, isStatic: false, isOrdered: false, filter: null, precondition: null, body: null, postcondition: null, automaticSynchronize: true, customized: false, paging: false, customizedTransaction: false)
enc:utf-8
enc:utf-8
42594 [main] INFO  ipse.xtend.util.stdlib.IOExtensions  - es.ua.dlsi.ooh.conceptualView.impl.OperationImpl@2cf42d (name: new, visibility: Public, operationType: New, description: null, type: Object, collectionType: None, isStatic: false, isOrdered: false, filter: null, precondition: null, body: null, postcondition: null, automaticSynchronize: true, customized: false, paging: false, customizedTransaction: false)
42594 [main] INFO  ipse.xtend.util.stdlib.IOExtensions  - es.ua.dlsi.ooh.conceptualView.impl.OperationImpl@fffd2c (name: modify, visibility: Public, operationType: Modifier, description: null, type: Void, collectionType: None, isStatic: false, isOrdered: false, filter: null, precondition: null, body: null, postcondition: null, automaticSynchronize: true, customized: false, paging: false, customizedTransaction: false)
42594 [main] INFO  ipse.xtend.util.stdlib.IOExtensions  - es.ua.dlsi.ooh.conceptualView.impl.OperationImpl@157e182 (name: destroy, visibility: Public, operationType: Destroy, description: null, type: Void, collectionType: None, isStatic: false, isOrdered: false, filter: null, precondition: null, body: null, postcondition: null, automaticSynchronize: true, customized: false, paging: false, customizedTransaction: false)
42594 [main] INFO  ipse.xtend.util.stdlib.IOExtensions  - es.ua.dlsi.ooh.conceptualView.impl.OperationImpl@183698f (name: muestraDireccionPorOID, visibility: Public, operationType: ReadOID, description: null, type: Object, collectionType: None, isStatic: false, isOrdered: false, filter: null, precondition: null, body: null, postcondition: null, automaticSynchronize: true, customized: false, paging: false, customizedTransaction: false)
42594 [main] INFO  ipse.xtend.util.stdlib.IOExtensions  - es.ua.dlsi.ooh.conceptualView.impl.OperationImpl@f09d3d (name: muestraDirecciones, visibility: Public, operationType: ReadAll, description: null, type: Object, collectionType: List, isStatic: false, isOrdered: false, filter: null, precondition: null, body: null, postcondition: null, automaticSynchronize: true, customized: false, paging: true, customizedTransaction: false)
enc:utf-8
43086 [main] INFO  ipse.xtend.util.stdlib.IOExtensions  - es.ua.dlsi.ooh.conceptualView.impl.OperationImpl@1f88cce (name: new, visibility: Public, operationType: New, description: null, type: Object, collectionType: None, isStatic: false, isOrdered: false, filter: null, precondition: null, body: null, postcondition: null, automaticSynchronize: true, customized: false, paging: false, customizedTransaction: false)
43086 [main] INFO  ipse.xtend.util.stdlib.IOExtensions  - es.ua.dlsi.ooh.conceptualView.impl.OperationImpl@df1651 (name: modify, visibility: Public, operationType: Modifier, description: null, type: Void, collectionType: None, isStatic: false, isOrdered: false, filter: null, precondition: null, body: null, postcondition: null, automaticSynchronize: true, customized: false, paging: false, customizedTransaction: false)
43086 [main] INFO  ipse.xtend.util.stdlib.IOExtensions  - es.ua.dlsi.ooh.conceptualView.impl.OperationImpl@37668f (name: destroy, visibility: Public, operationType: Destroy, description: null, type: Void, collectionType: None, isStatic: false, isOrdered: false, filter: null, precondition: null, body: null, postcondition: null, automaticSynchronize: true, customized: false, paging: false, customizedTransaction: false)
43086 [main] INFO  ipse.xtend.util.stdlib.IOExtensions  - es.ua.dlsi.ooh.conceptualView.impl.OperationImpl@17bee01 (name: muestraMetodoPagoPorOID, visibility: Public, operationType: ReadOID, description: null, type: Object, collectionType: None, isStatic: false, isOrdered: false, filter: null, precondition: null, body: null, postcondition: null, automaticSynchronize: true, customized: false, paging: false, customizedTransaction: false)
43086 [main] INFO  ipse.xtend.util.stdlib.IOExtensions  - es.ua.dlsi.ooh.conceptualView.impl.OperationImpl@ef98ac (name: muestraMetodoPagos, visibility: Public, operationType: ReadAll, description: null, type: Object, collectionType: List, isStatic: false, isOrdered: false, filter: null, precondition: null, body: null, postcondition: null, automaticSynchronize: true, customized: false, paging: true, customizedTransaction: false)
enc:utf-8
43539 [main] INFO  ipse.xtend.util.stdlib.IOExtensions  - es.ua.dlsi.ooh.conceptualView.impl.OperationImpl@1fdd6db (name: new, visibility: Public, operationType: New, description: null, type: Object, collectionType: None, isStatic: false, isOrdered: false, filter: null, precondition: null, body: null, postcondition: null, automaticSynchronize: true, customized: false, paging: false, customizedTransaction: false)
43539 [main] INFO  ipse.xtend.util.stdlib.IOExtensions  - es.ua.dlsi.ooh.conceptualView.impl.OperationImpl@1652209 (name: modify, visibility: Public, operationType: Modifier, description: null, type: Void, collectionType: None, isStatic: false, isOrdered: false, filter: null, precondition: null, body: null, postcondition: null, automaticSynchronize: true, customized: false, paging: false, customizedTransaction: false)
43539 [main] INFO  ipse.xtend.util.stdlib.IOExtensions  - es.ua.dlsi.ooh.conceptualView.impl.OperationImpl@cfca3 (name: destroy, visibility: Public, operationType: Destroy, description: null, type: Void, collectionType: None, isStatic: false, isOrdered: false, filter: null, precondition: null, body: null, postcondition: null, automaticSynchronize: true, customized: false, paging: false, customizedTransaction: false)
enc:utf-8
44019 [main] INFO  ipse.xtend.util.stdlib.IOExtensions  - ValoracionEN
enc:utf-8
44478 [main] INFO  ipse.xtend.util.stdlib.IOExtensions  - ComentarioEN
enc:utf-8
44985 [main] INFO  ipse.xtend.util.stdlib.IOExtensions  - UsuarioEN
enc:utf-8
45470 [main] INFO  ipse.xtend.util.stdlib.IOExtensions  - CategoriaEN
enc:utf-8
45964 [main] INFO  ipse.xtend.util.stdlib.IOExtensions  - ProductoEN
enc:utf-8
46433 [main] INFO  ipse.xtend.util.stdlib.IOExtensions  - PedidoEN
enc:utf-8
46949 [main] INFO  ipse.xtend.util.stdlib.IOExtensions  - LineaPedidoEN
enc:utf-8
47411 [main] INFO  ipse.xtend.util.stdlib.IOExtensions  - UsuarioBasicoEN
enc:utf-8
48005 [main] INFO  ipse.xtend.util.stdlib.IOExtensions  - AdministradorEN
enc:utf-8
48595 [main] INFO  ipse.xtend.util.stdlib.IOExtensions  - SliderEN
enc:utf-8
49085 [main] INFO  ipse.xtend.util.stdlib.IOExtensions  - ProductoDescripcionEN
enc:utf-8
49538 [main] INFO  ipse.xtend.util.stdlib.IOExtensions  - CategoriaDescripcionEN
enc:utf-8
50023 [main] INFO  ipse.xtend.util.stdlib.IOExtensions  - FacturaEN
enc:utf-8
50476 [main] INFO  ipse.xtend.util.stdlib.IOExtensions  - DirEnvioEN
enc:utf-8
50945 [main] INFO  ipse.xtend.util.stdlib.IOExtensions  - MetodoPagoEN
enc:utf-8
51439 [main] INFO  ipse.xtend.util.stdlib.IOExtensions  - EnvioEN
enc:utf-8
enc:utf-8
enc:utf-8
enc:utf-8
enc:utf-8
53787 [main] INFO  ipse.xtend.util.stdlib.IOExtensions  - EN
53803 [main] INFO  ipse.xtend.util.stdlib.IOExtensions  - EN
53818 [main] INFO  ipse.xtend.util.stdlib.IOExtensions  - EN
53834 [main] INFO  ipse.xtend.util.stdlib.IOExtensions  - EN
53834 [main] INFO  ipse.xtend.util.stdlib.IOExtensions  - EN
53849 [main] INFO  ipse.xtend.util.stdlib.IOExtensions  - EN
53853 [main] INFO  ipse.xtend.util.stdlib.IOExtensions  - EN
53853 [main] INFO  ipse.xtend.util.stdlib.IOExtensions  - EN
53869 [main] INFO  ipse.xtend.util.stdlib.IOExtensions  - EN
53885 [main] INFO  ipse.xtend.util.stdlib.IOExtensions  - EN
53885 [main] INFO  ipse.xtend.util.stdlib.IOExtensions  - EN
53900 [main] INFO  ipse.xtend.util.stdlib.IOExtensions  - EN
53900 [main] INFO  ipse.xtend.util.stdlib.IOExtensions  - EN
53900 [main] INFO  ipse.xtend.util.stdlib.IOExtensions  - EN
enc:utf-8
enc:utf-8
54823 [main] INFO         org.eclipse.xpand2.Generator  - Written 128 files to outlet [default](../SuperPetGen)
54823 [main] INFO         org.eclipse.xpand2.Generator  - Skipped writing of 1 files to outlet [default](../SuperPetGen)
54823 [main] INFO  e.core.container.CompositeComponent  - es.ua.dlsi.ooh.persistence.nhibernate.generator.workflowComponents.CreateSolution
54839 [main] INFO  e.core.container.CompositeComponent  - es.ua.dlsi.ooh.persistence.nhibernate.generator.workflowComponents.UpdateSolution
54855 [main] INFO  e.core.container.CompositeComponent  - es.ua.dlsi.ooh.persistence.nhibernate.generator.workflowComponents.CopyDLLs
../SuperPetGen\SuperPetGenNHibernate\AppLib\Antlr3.Runtime.dll
../SuperPetGen\SuperPetGenNHibernate\AppLib\Castle.DynamicProxy2.dll
../SuperPetGen\SuperPetGenNHibernate\AppLib\Iesi.Collections.dll
../SuperPetGen\SuperPetGenNHibernate\AppLib\jose-jwt.dll
../SuperPetGen\SuperPetGenNHibernate\AppLib\LinFu.DynamicProxy.dll
../SuperPetGen\SuperPetGenNHibernate\AppLib\log4net.dll
../SuperPetGen\SuperPetGenNHibernate\AppLib\Newtonsoft.Json.dll
../SuperPetGen\SuperPetGenNHibernate\AppLib\NHibernate.ByteCode.Castle.dll
../SuperPetGen\SuperPetGenNHibernate\AppLib\NHibernate.ByteCode.LinFu.dll
../SuperPetGen\SuperPetGenNHibernate\AppLib\NHibernate.dll
../SuperPetGen\SuperPetGenNHibernate\AppLib\nunit.core.dll
../SuperPetGen\SuperPetGenNHibernate\AppLib\nunit.framework.dll
55347 [main] INFO  eclipse.emf.mwe.core.WorkflowEngine  - workflow completed in 54531ms!
