0    [main] INFO  eclipse.emf.mwe.core.WorkflowEngine  - --------------------------------------------------------------------------------------
1    [main] INFO  eclipse.emf.mwe.core.WorkflowEngine  - EMF Modeling Workflow Engine 1.2.1, Build v201306110341
1    [main] INFO  eclipse.emf.mwe.core.WorkflowEngine  - (c) 2005-2009 openarchitectureware.org and contributors
1    [main] INFO  eclipse.emf.mwe.core.WorkflowEngine  - --------------------------------------------------------------------------------------
1    [main] INFO  eclipse.emf.mwe.core.WorkflowEngine  - running workflow: C:/OOH4RIA/workspace/BaseDatos/templates/workflow/generator.mwe
1    [main] INFO  eclipse.emf.mwe.core.WorkflowEngine  - 
211  [main] INFO  lipse.emf.mwe.utils.StandaloneSetup  - Registering platform uri 'C:\OOH4RIA\workspace'
651  [main] INFO  lipse.emf.mwe.utils.StandaloneSetup  - Adding generated EPackage 'es.ua.dlsi.ooh.conceptualView.ConceptualViewPackage'
685  [main] INFO  lipse.emf.mwe.utils.StandaloneSetup  - Adding generated EPackage 'org.eclipse.gmf.runtime.notation.NotationPackage'
760  [main] INFO  e.core.container.CompositeComponent  - Workflow: executing workflow workflow::nhibernate::generator.mwe in C:/OOH4RIA/workspace/BaseDatos/templates/workflow/generator.mwe:11
760  [main] INFO  e.core.container.CompositeComponent  - XmiReader: file 'models/default.domainModel' => slot 'es_ua_dlsi_ooh_conceptual_model'
871  [main] INFO  e.core.container.CompositeComponent  - CheckComponent: slot es_ua_dlsi_ooh_conceptual_model check file(s): metamodel::Checks 
1104 [main] INFO  e.core.container.CompositeComponent  - es.ua.dlsi.ooh.persistence.nhibernate.generator.workflowComponents.CleanBackup
Se ha borrado el directorio backup en la ubicacion: ../BaseDatosGen\Backup
1109 [main] INFO  e.core.container.CompositeComponent  - Generator(nhibernate.generator): generating 'workflow::nhibernate::workflow::main FOR true' => [../BaseDatosGen, CONFIGURATION:../BaseDatosGen(overwrite=false,append=false,fileEncoding=utf-8)]
La licencia está en vigor. Su fecha de expiración es: Tue Jun 18 19:11:38 CEST 2019
configuroConf:C:\Users\CARLOS~1\AppData\Local\Temp\OOH4RIA3226197541762780423.cfg
enc:utf-8
1571 [main] INFO  and2.pr.ProtectedRegionResolverImpl  - Source scan started ...
3289 [main] INFO  and2.pr.ProtectedRegionResolverImpl  - Source scan finished in 1.718s
3289 [main] INFO  and2.pr.ProtectedRegionResolverImpl  - Files scanned: 488
3289 [main] INFO  and2.pr.ProtectedRegionResolverImpl  - Regions found: 44
enc:utf-8
enc:utf-8
enc:utf-8
enc:utf-8
enc:utf-8
enc:utf-8
3465 [main] INFO  ipse.xtend.util.stdlib.IOExtensions  - ValoracionCAD
LA clase origen: Valoracion y el nombre de rol: usuario
DISTINTO en: asoOrigin: producto_valoracion. El nombre del rol origen: producto de el rol destino: usuario
LA clase destino: Valoracion y el nombre de rol: usuario
Encontrado en: asoTarget: valoracion_usuario El nombre de rol origen (generado): valoracion y el nombre del rol destino:usuario
LA clase origen: Valoracion y el nombre de rol: usuario
DISTINTO en: asoOrigin: producto_valoracion. El nombre del rol origen: producto de el rol destino: usuario
LA clase destino: Valoracion y el nombre de rol: usuario
Encontrado en: asoTarget: valoracion_usuario El nombre de rol origen (generado): valoracion y el nombre del rol destino:usuario
LA clase origen: Valoracion y el nombre de rol: usuario
DISTINTO en: asoOrigin: producto_valoracion. El nombre del rol origen: producto de el rol destino: usuario
LA clase destino: Valoracion y el nombre de rol: usuario
Encontrado en: asoTarget: valoracion_usuario El nombre de rol origen (generado): valoracion y el nombre del rol destino:usuario
LA clase origen: Valoracion y el nombre de rol: producto
Encontrado en: asoOrigin: producto_valoracion. El nombre del rol origen: producto y el nombre de rol destino: valoracion
LA clase origen: Valoracion y el nombre de rol: producto
Encontrado en: asoOrigin: producto_valoracion. El nombre del rol origen: producto y el nombre de rol destino: valoracion
LA clase origen: Valoracion y el nombre de rol: producto
Encontrado en: asoOrigin: producto_valoracion. El nombre del rol origen: producto y el nombre de rol destino: valoracion
LA clase origen: Valoracion y el nombre de rol: producto
Encontrado en: asoOrigin: producto_valoracion. El nombre del rol origen: producto y el nombre de rol destino: valoracion
LA clase origen: Valoracion y el nombre de rol: producto
Encontrado en: asoOrigin: producto_valoracion. El nombre del rol origen: producto y el nombre de rol destino: valoracion
LA clase origen: Valoracion y el nombre de rol: producto
Encontrado en: asoOrigin: producto_valoracion. El nombre del rol origen: producto y el nombre de rol destino: valoracion
enc:utf-8
3522 [main] INFO  ipse.xtend.util.stdlib.IOExtensions  - ComentarioCAD
LA clase origen: Comentario y el nombre de rol: usuario
Encontrado en: asoOrigin: usuario_comentario. El nombre del rol origen: usuario y el nombre de rol destino: comentario
LA clase origen: Comentario y el nombre de rol: usuario
Encontrado en: asoOrigin: usuario_comentario. El nombre del rol origen: usuario y el nombre de rol destino: comentario
LA clase origen: Comentario y el nombre de rol: usuario
Encontrado en: asoOrigin: usuario_comentario. El nombre del rol origen: usuario y el nombre de rol destino: comentario
LA clase origen: Comentario y el nombre de rol: usuario
Encontrado en: asoOrigin: usuario_comentario. El nombre del rol origen: usuario y el nombre de rol destino: comentario
LA clase origen: Comentario y el nombre de rol: usuario
Encontrado en: asoOrigin: usuario_comentario. El nombre del rol origen: usuario y el nombre de rol destino: comentario
LA clase origen: Comentario y el nombre de rol: usuario
Encontrado en: asoOrigin: usuario_comentario. El nombre del rol origen: usuario y el nombre de rol destino: comentario
LA clase origen: Comentario y el nombre de rol: producto
DISTINTO en: asoOrigin: usuario_comentario. El nombre del rol origen: usuario de el rol destino: producto
LA clase destino: Comentario y el nombre de rol: producto
Encontrado en: asoTarget: comentario_producto El nombre de rol origen (generado): comentario y el nombre del rol destino:producto
LA clase origen: Comentario y el nombre de rol: producto
DISTINTO en: asoOrigin: usuario_comentario. El nombre del rol origen: usuario de el rol destino: producto
LA clase destino: Comentario y el nombre de rol: producto
Encontrado en: asoTarget: comentario_producto El nombre de rol origen (generado): comentario y el nombre del rol destino:producto
LA clase origen: Comentario y el nombre de rol: producto
DISTINTO en: asoOrigin: usuario_comentario. El nombre del rol origen: usuario de el rol destino: producto
LA clase destino: Comentario y el nombre de rol: producto
Encontrado en: asoTarget: comentario_producto El nombre de rol origen (generado): comentario y el nombre del rol destino:producto
enc:utf-8
3553 [main] INFO  ipse.xtend.util.stdlib.IOExtensions  - UsuarioCAD
enc:utf-8
3588 [main] INFO  ipse.xtend.util.stdlib.IOExtensions  - CategoriaCAD
enc:utf-8
3617 [main] INFO  ipse.xtend.util.stdlib.IOExtensions  - ProductoCAD
LA clase origen: Producto y el nombre de rol: categoria
DISTINTO en: asoOrigin: comentario_producto. El nombre del rol origen: comentario de el rol destino: categoria
DISTINTO en: asoOrigin: linea Pedido_producto. El nombre del rol origen: lineaPedido de el rol destino: categoria
DISTINTO en: asoOrigin: productoDescripcion_producto. El nombre del rol origen: productoDescripcion de el rol destino: categoria
LA clase destino: Producto y el nombre de rol: categoria
Encontrado en: asoTarget: producto_categoria El nombre de rol origen (generado): producto y el nombre del rol destino:categoria
LA clase origen: Producto y el nombre de rol: categoria
DISTINTO en: asoOrigin: comentario_producto. El nombre del rol origen: comentario de el rol destino: categoria
DISTINTO en: asoOrigin: linea Pedido_producto. El nombre del rol origen: lineaPedido de el rol destino: categoria
DISTINTO en: asoOrigin: productoDescripcion_producto. El nombre del rol origen: productoDescripcion de el rol destino: categoria
LA clase destino: Producto y el nombre de rol: categoria
Encontrado en: asoTarget: producto_categoria El nombre de rol origen (generado): producto y el nombre del rol destino:categoria
LA clase origen: Producto y el nombre de rol: categoria
DISTINTO en: asoOrigin: comentario_producto. El nombre del rol origen: comentario de el rol destino: categoria
DISTINTO en: asoOrigin: linea Pedido_producto. El nombre del rol origen: lineaPedido de el rol destino: categoria
DISTINTO en: asoOrigin: productoDescripcion_producto. El nombre del rol origen: productoDescripcion de el rol destino: categoria
LA clase destino: Producto y el nombre de rol: categoria
Encontrado en: asoTarget: producto_categoria El nombre de rol origen (generado): producto y el nombre del rol destino:categoria
enc:utf-8
3669 [main] INFO  ipse.xtend.util.stdlib.IOExtensions  - PedidoCAD
LA clase origen: Pedido y el nombre de rol: usuarioPedido
DISTINTO en: asoOrigin: linea Pedido_pedido. El nombre del rol origen: lineaPedido de el rol destino: usuarioPedido
LA clase destino: Pedido y el nombre de rol: usuarioPedido
Encontrado en: asoTarget: pedido_usuario El nombre de rol origen (generado): pedidoRealizado y el nombre del rol destino:usuarioPedido
LA clase origen: Pedido y el nombre de rol: usuarioPedido
DISTINTO en: asoOrigin: linea Pedido_pedido. El nombre del rol origen: lineaPedido de el rol destino: usuarioPedido
LA clase destino: Pedido y el nombre de rol: usuarioPedido
Encontrado en: asoTarget: pedido_usuario El nombre de rol origen (generado): pedidoRealizado y el nombre del rol destino:usuarioPedido
LA clase origen: Pedido y el nombre de rol: usuarioPedido
DISTINTO en: asoOrigin: linea Pedido_pedido. El nombre del rol origen: lineaPedido de el rol destino: usuarioPedido
LA clase destino: Pedido y el nombre de rol: usuarioPedido
Encontrado en: asoTarget: pedido_usuario El nombre de rol origen (generado): pedidoRealizado y el nombre del rol destino:usuarioPedido
LA clase origen: Pedido y el nombre de rol: usuarioCarrito
DISTINTO en: asoOrigin: linea Pedido_pedido. El nombre del rol origen: lineaPedido de el rol destino: usuarioCarrito
LA clase destino: Pedido y el nombre de rol: usuarioCarrito
DISTINTO en: asoTarget: pedido_usuario. El nombre del rol destino: usuarioPedido de el rol origen: usuarioCarrito
Encontrado en: asoTarget: pedido_0_usuario_0 El nombre de rol origen (generado): carritoActual y el nombre del rol destino:usuarioCarrito
LA clase origen: Pedido y el nombre de rol: usuarioCarrito
DISTINTO en: asoOrigin: linea Pedido_pedido. El nombre del rol origen: lineaPedido de el rol destino: usuarioCarrito
LA clase destino: Pedido y el nombre de rol: usuarioCarrito
DISTINTO en: asoTarget: pedido_usuario. El nombre del rol destino: usuarioPedido de el rol origen: usuarioCarrito
Encontrado en: asoTarget: pedido_0_usuario_0 El nombre de rol origen (generado): carritoActual y el nombre del rol destino:usuarioCarrito
LA clase origen: Pedido y el nombre de rol: usuarioCarrito
DISTINTO en: asoOrigin: linea Pedido_pedido. El nombre del rol origen: lineaPedido de el rol destino: usuarioCarrito
LA clase destino: Pedido y el nombre de rol: usuarioCarrito
DISTINTO en: asoTarget: pedido_usuario. El nombre del rol destino: usuarioPedido de el rol origen: usuarioCarrito
Encontrado en: asoTarget: pedido_0_usuario_0 El nombre de rol origen (generado): carritoActual y el nombre del rol destino:usuarioCarrito
enc:utf-8
3699 [main] INFO  ipse.xtend.util.stdlib.IOExtensions  - LineaPedidoCAD
LA clase origen: LineaPedido y el nombre de rol: producto
LA clase destino: LineaPedido y el nombre de rol: producto
Encontrado en: asoTarget: linea Pedido_producto El nombre de rol origen (generado): lineaPedido y el nombre del rol destino:producto
LA clase origen: LineaPedido y el nombre de rol: producto
LA clase destino: LineaPedido y el nombre de rol: producto
Encontrado en: asoTarget: linea Pedido_producto El nombre de rol origen (generado): lineaPedido y el nombre del rol destino:producto
LA clase origen: LineaPedido y el nombre de rol: producto
LA clase destino: LineaPedido y el nombre de rol: producto
Encontrado en: asoTarget: linea Pedido_producto El nombre de rol origen (generado): lineaPedido y el nombre del rol destino:producto
LA clase origen: LineaPedido y el nombre de rol: pedido
LA clase destino: LineaPedido y el nombre de rol: pedido
DISTINTO en: asoTarget: linea Pedido_producto. El nombre del rol destino: producto de el rol origen: pedido
Encontrado en: asoTarget: linea Pedido_pedido El nombre de rol origen (generado): lineaPedido y el nombre del rol destino:pedido
LA clase origen: LineaPedido y el nombre de rol: pedido
LA clase destino: LineaPedido y el nombre de rol: pedido
DISTINTO en: asoTarget: linea Pedido_producto. El nombre del rol destino: producto de el rol origen: pedido
Encontrado en: asoTarget: linea Pedido_pedido El nombre de rol origen (generado): lineaPedido y el nombre del rol destino:pedido
LA clase origen: LineaPedido y el nombre de rol: pedido
LA clase destino: LineaPedido y el nombre de rol: pedido
DISTINTO en: asoTarget: linea Pedido_producto. El nombre del rol destino: producto de el rol origen: pedido
Encontrado en: asoTarget: linea Pedido_pedido El nombre de rol origen (generado): lineaPedido y el nombre del rol destino:pedido
enc:utf-8
3724 [main] INFO  ipse.xtend.util.stdlib.IOExtensions  - UsuarioBasicoCAD
enc:utf-8
3745 [main] INFO  ipse.xtend.util.stdlib.IOExtensions  - AdministradorCAD
enc:utf-8
3765 [main] INFO  ipse.xtend.util.stdlib.IOExtensions  - SliderCAD
enc:utf-8
3787 [main] INFO  ipse.xtend.util.stdlib.IOExtensions  - ProductoDescripcionCAD
LA clase origen: ProductoDescripcion y el nombre de rol: producto
LA clase destino: ProductoDescripcion y el nombre de rol: producto
Encontrado en: asoTarget: productoDescripcion_producto El nombre de rol origen (generado): productoDescripcion y el nombre del rol destino:producto
LA clase origen: ProductoDescripcion y el nombre de rol: producto
LA clase destino: ProductoDescripcion y el nombre de rol: producto
Encontrado en: asoTarget: productoDescripcion_producto El nombre de rol origen (generado): productoDescripcion y el nombre del rol destino:producto
LA clase origen: ProductoDescripcion y el nombre de rol: producto
LA clase destino: ProductoDescripcion y el nombre de rol: producto
Encontrado en: asoTarget: productoDescripcion_producto El nombre de rol origen (generado): productoDescripcion y el nombre del rol destino:producto
enc:utf-8
3811 [main] INFO  ipse.xtend.util.stdlib.IOExtensions  - CategoriaDescripcionCAD
LA clase origen: CategoriaDescripcion y el nombre de rol: categoria
Encontrado en: asoOrigin: categoria_categoriaDescripcion. El nombre del rol origen: categoria y el nombre de rol destino: categoriaDescripcion
LA clase origen: CategoriaDescripcion y el nombre de rol: categoria
Encontrado en: asoOrigin: categoria_categoriaDescripcion. El nombre del rol origen: categoria y el nombre de rol destino: categoriaDescripcion
LA clase origen: CategoriaDescripcion y el nombre de rol: categoria
Encontrado en: asoOrigin: categoria_categoriaDescripcion. El nombre del rol origen: categoria y el nombre de rol destino: categoriaDescripcion
LA clase origen: CategoriaDescripcion y el nombre de rol: categoria
Encontrado en: asoOrigin: categoria_categoriaDescripcion. El nombre del rol origen: categoria y el nombre de rol destino: categoriaDescripcion
LA clase origen: CategoriaDescripcion y el nombre de rol: categoria
Encontrado en: asoOrigin: categoria_categoriaDescripcion. El nombre del rol origen: categoria y el nombre de rol destino: categoriaDescripcion
LA clase origen: CategoriaDescripcion y el nombre de rol: categoria
Encontrado en: asoOrigin: categoria_categoriaDescripcion. El nombre del rol origen: categoria y el nombre de rol destino: categoriaDescripcion
enc:utf-8
3834 [main] INFO  ipse.xtend.util.stdlib.IOExtensions  - FacturaCAD
LA clase origen: Factura y el nombre de rol: pedido
Encontrado en: asoOrigin: pedido_factura. El nombre del rol origen: pedido y el nombre de rol destino: factura
LA clase origen: Factura y el nombre de rol: pedido
Encontrado en: asoOrigin: pedido_factura. El nombre del rol origen: pedido y el nombre de rol destino: factura
LA clase origen: Factura y el nombre de rol: pedido
Encontrado en: asoOrigin: pedido_factura. El nombre del rol origen: pedido y el nombre de rol destino: factura
LA clase origen: Factura y el nombre de rol: pedido
Encontrado en: asoOrigin: pedido_factura. El nombre del rol origen: pedido y el nombre de rol destino: factura
LA clase origen: Factura y el nombre de rol: pedido
Encontrado en: asoOrigin: pedido_factura. El nombre del rol origen: pedido y el nombre de rol destino: factura
LA clase origen: Factura y el nombre de rol: pedido
Encontrado en: asoOrigin: pedido_factura. El nombre del rol origen: pedido y el nombre de rol destino: factura
enc:utf-8
3860 [main] INFO  ipse.xtend.util.stdlib.IOExtensions  - DirEnvioCAD
LA clase origen: DirEnvio y el nombre de rol: usuario
DISTINTO en: asoOrigin: pedido_dirEnvio. El nombre del rol origen: pedido de el rol destino: usuario
Encontrado en: asoOrigin: usuario_dirEnvio. El nombre del rol origen: usuario y el nombre de rol destino: dirEnvio
LA clase origen: DirEnvio y el nombre de rol: usuario
DISTINTO en: asoOrigin: pedido_dirEnvio. El nombre del rol origen: pedido de el rol destino: usuario
Encontrado en: asoOrigin: usuario_dirEnvio. El nombre del rol origen: usuario y el nombre de rol destino: dirEnvio
LA clase origen: DirEnvio y el nombre de rol: usuario
DISTINTO en: asoOrigin: pedido_dirEnvio. El nombre del rol origen: pedido de el rol destino: usuario
Encontrado en: asoOrigin: usuario_dirEnvio. El nombre del rol origen: usuario y el nombre de rol destino: dirEnvio
LA clase origen: DirEnvio y el nombre de rol: usuario
DISTINTO en: asoOrigin: pedido_dirEnvio. El nombre del rol origen: pedido de el rol destino: usuario
Encontrado en: asoOrigin: usuario_dirEnvio. El nombre del rol origen: usuario y el nombre de rol destino: dirEnvio
LA clase origen: DirEnvio y el nombre de rol: usuario
DISTINTO en: asoOrigin: pedido_dirEnvio. El nombre del rol origen: pedido de el rol destino: usuario
Encontrado en: asoOrigin: usuario_dirEnvio. El nombre del rol origen: usuario y el nombre de rol destino: dirEnvio
LA clase origen: DirEnvio y el nombre de rol: usuario
DISTINTO en: asoOrigin: pedido_dirEnvio. El nombre del rol origen: pedido de el rol destino: usuario
Encontrado en: asoOrigin: usuario_dirEnvio. El nombre del rol origen: usuario y el nombre de rol destino: dirEnvio
enc:utf-8
3890 [main] INFO  ipse.xtend.util.stdlib.IOExtensions  - MetodoPagoCAD
LA clase origen: MetodoPago y el nombre de rol: usuario
DISTINTO en: asoOrigin: pedido_metodoPago. El nombre del rol origen: pedido de el rol destino: usuario
Encontrado en: asoOrigin: usuario_metodoPago. El nombre del rol origen: usuario y el nombre de rol destino: metodoPago
LA clase origen: MetodoPago y el nombre de rol: usuario
DISTINTO en: asoOrigin: pedido_metodoPago. El nombre del rol origen: pedido de el rol destino: usuario
Encontrado en: asoOrigin: usuario_metodoPago. El nombre del rol origen: usuario y el nombre de rol destino: metodoPago
LA clase origen: MetodoPago y el nombre de rol: usuario
DISTINTO en: asoOrigin: pedido_metodoPago. El nombre del rol origen: pedido de el rol destino: usuario
Encontrado en: asoOrigin: usuario_metodoPago. El nombre del rol origen: usuario y el nombre de rol destino: metodoPago
LA clase origen: MetodoPago y el nombre de rol: usuario
DISTINTO en: asoOrigin: pedido_metodoPago. El nombre del rol origen: pedido de el rol destino: usuario
Encontrado en: asoOrigin: usuario_metodoPago. El nombre del rol origen: usuario y el nombre de rol destino: metodoPago
LA clase origen: MetodoPago y el nombre de rol: usuario
DISTINTO en: asoOrigin: pedido_metodoPago. El nombre del rol origen: pedido de el rol destino: usuario
Encontrado en: asoOrigin: usuario_metodoPago. El nombre del rol origen: usuario y el nombre de rol destino: metodoPago
LA clase origen: MetodoPago y el nombre de rol: usuario
DISTINTO en: asoOrigin: pedido_metodoPago. El nombre del rol origen: pedido de el rol destino: usuario
Encontrado en: asoOrigin: usuario_metodoPago. El nombre del rol origen: usuario y el nombre de rol destino: metodoPago
enc:utf-8
3913 [main] INFO  ipse.xtend.util.stdlib.IOExtensions  - EnvioCAD
LA clase origen: Envio y el nombre de rol: pedido
Encontrado en: asoOrigin: pedido_envio. El nombre del rol origen: pedido y el nombre de rol destino: envio
LA clase origen: Envio y el nombre de rol: pedido
Encontrado en: asoOrigin: pedido_envio. El nombre del rol origen: pedido y el nombre de rol destino: envio
LA clase origen: Envio y el nombre de rol: pedido
Encontrado en: asoOrigin: pedido_envio. El nombre del rol origen: pedido y el nombre de rol destino: envio
LA clase origen: Envio y el nombre de rol: pedido
Encontrado en: asoOrigin: pedido_envio. El nombre del rol origen: pedido y el nombre de rol destino: envio
LA clase origen: Envio y el nombre de rol: pedido
Encontrado en: asoOrigin: pedido_envio. El nombre del rol origen: pedido y el nombre de rol destino: envio
LA clase origen: Envio y el nombre de rol: pedido
Encontrado en: asoOrigin: pedido_envio. El nombre del rol origen: pedido y el nombre de rol destino: envio
enc:utf-8
enc:utf-8
enc:utf-8
enc:utf-8
enc:utf-8
enc:utf-8
enc:utf-8
enc:utf-8
enc:utf-8
enc:utf-8
enc:utf-8
enc:utf-8
enc:utf-8
enc:utf-8
enc:utf-8
enc:utf-8
enc:utf-8
enc:utf-8
4222 [main] INFO  ipse.xtend.util.stdlib.IOExtensions  - ValoracionCEN
enc:utf-8
4244 [main] INFO  ipse.xtend.util.stdlib.IOExtensions  - ComentarioCEN
enc:utf-8
4271 [main] INFO  ipse.xtend.util.stdlib.IOExtensions  - UsuarioCEN
enc:utf-8
4293 [main] INFO  ipse.xtend.util.stdlib.IOExtensions  - CategoriaCEN
enc:utf-8
4313 [main] INFO  ipse.xtend.util.stdlib.IOExtensions  - ProductoCEN
enc:utf-8
4339 [main] INFO  ipse.xtend.util.stdlib.IOExtensions  - PedidoCEN
enc:utf-8
4362 [main] INFO  ipse.xtend.util.stdlib.IOExtensions  - LineaPedidoCEN
enc:utf-8
4387 [main] INFO  ipse.xtend.util.stdlib.IOExtensions  - UsuarioBasicoCEN
enc:utf-8
4405 [main] INFO  ipse.xtend.util.stdlib.IOExtensions  - AdministradorCEN
enc:utf-8
4424 [main] INFO  ipse.xtend.util.stdlib.IOExtensions  - SliderCEN
enc:utf-8
4442 [main] INFO  ipse.xtend.util.stdlib.IOExtensions  - ProductoDescripcionCEN
enc:utf-8
4463 [main] INFO  ipse.xtend.util.stdlib.IOExtensions  - CategoriaDescripcionCEN
enc:utf-8
4483 [main] INFO  ipse.xtend.util.stdlib.IOExtensions  - FacturaCEN
enc:utf-8
4503 [main] INFO  ipse.xtend.util.stdlib.IOExtensions  - DirEnvioCEN
enc:utf-8
4525 [main] INFO  ipse.xtend.util.stdlib.IOExtensions  - MetodoPagoCEN
enc:utf-8
4547 [main] INFO  ipse.xtend.util.stdlib.IOExtensions  - EnvioCEN
enc:utf-8
enc:utf-8
enc:utf-8
enc:utf-8
enc:utf-8
enc:utf-8
enc:utf-8
enc:utf-8
enc:utf-8
enc:utf-8
enc:utf-8
enc:utf-8
4809 [main] INFO  ipse.xtend.util.stdlib.IOExtensions  - es.ua.dlsi.ooh.conceptualView.impl.OperationImpl@18e7838 (name: new, visibility: Public, operationType: New, description: null, type: Object, collectionType: None, isStatic: false, isOrdered: false, filter: null, precondition: null, body: null, postcondition: null, automaticSynchronize: true, customized: false, paging: false, customizedTransaction: false)
4810 [main] INFO  ipse.xtend.util.stdlib.IOExtensions  - es.ua.dlsi.ooh.conceptualView.impl.OperationImpl@1d03f44 (name: modify, visibility: Public, operationType: Modifier, description: null, type: Void, collectionType: None, isStatic: false, isOrdered: false, filter: null, precondition: null, body: null, postcondition: null, automaticSynchronize: true, customized: false, paging: false, customizedTransaction: false)
4810 [main] INFO  ipse.xtend.util.stdlib.IOExtensions  - es.ua.dlsi.ooh.conceptualView.impl.OperationImpl@4784bc (name: muestraValoraciones, visibility: Public, operationType: ReadAll, description: null, type: Object, collectionType: List, isStatic: false, isOrdered: false, filter: null, precondition: null, body: null, postcondition: null, automaticSynchronize: true, customized: false, paging: true, customizedTransaction: false)
4810 [main] INFO  ipse.xtend.util.stdlib.IOExtensions  - es.ua.dlsi.ooh.conceptualView.impl.OperationImpl@10b0854 (name: muestraValoracionesPorOID, visibility: Public, operationType: ReadOID, description: null, type: Object, collectionType: None, isStatic: false, isOrdered: false, filter: null, precondition: null, body: null, postcondition: null, automaticSynchronize: true, customized: false, paging: false, customizedTransaction: false)
4810 [main] INFO  ipse.xtend.util.stdlib.IOExtensions  - es.ua.dlsi.ooh.conceptualView.impl.OperationImpl@e41621 (name: destroy, visibility: Public, operationType: Destroy, description: null, type: Void, collectionType: None, isStatic: false, isOrdered: false, filter: null, precondition: null, body: null, postcondition: null, automaticSynchronize: true, customized: false, paging: false, customizedTransaction: false)
4810 [main] INFO  ipse.xtend.util.stdlib.IOExtensions  - es.ua.dlsi.ooh.conceptualView.impl.OperationImpl@67f029 (name: getAllValoracionesByProducto, visibility: Public, operationType: ReadFilter, description: null, type: Object, collectionType: List, isStatic: false, isOrdered: false, filter: FROM ValoracionEN val WHERE val.Producto.Id = :p_producto, precondition: null, body: null, postcondition: null, automaticSynchronize: false, customized: false, paging: true, customizedTransaction: false)
enc:utf-8
4829 [main] INFO  ipse.xtend.util.stdlib.IOExtensions  - es.ua.dlsi.ooh.conceptualView.impl.OperationImpl@1d7b7bf (name: new, visibility: Public, operationType: New, description: null, type: Object, collectionType: None, isStatic: false, isOrdered: false, filter: null, precondition: null, body: null, postcondition: null, automaticSynchronize: true, customized: false, paging: false, customizedTransaction: false)
4829 [main] INFO  ipse.xtend.util.stdlib.IOExtensions  - es.ua.dlsi.ooh.conceptualView.impl.OperationImpl@1a69b07 (name: modify, visibility: Public, operationType: Modifier, description: null, type: Void, collectionType: None, isStatic: false, isOrdered: false, filter: null, precondition: null, body: null, postcondition: null, automaticSynchronize: true, customized: false, paging: false, customizedTransaction: false)
4830 [main] INFO  ipse.xtend.util.stdlib.IOExtensions  - es.ua.dlsi.ooh.conceptualView.impl.OperationImpl@a638b5 (name: destroy, visibility: Public, operationType: Destroy, description: null, type: Void, collectionType: None, isStatic: false, isOrdered: false, filter: null, precondition: null, body: null, postcondition: null, automaticSynchronize: true, customized: false, paging: false, customizedTransaction: false)
4830 [main] INFO  ipse.xtend.util.stdlib.IOExtensions  - es.ua.dlsi.ooh.conceptualView.impl.OperationImpl@a8564a (name: muestraComentarios, visibility: Public, operationType: ReadAll, description: null, type: Object, collectionType: List, isStatic: false, isOrdered: false, filter: null, precondition: null, body: null, postcondition: null, automaticSynchronize: true, customized: false, paging: true, customizedTransaction: false)
4830 [main] INFO  ipse.xtend.util.stdlib.IOExtensions  - es.ua.dlsi.ooh.conceptualView.impl.OperationImpl@b472aa (name: muestraComentarioPorOID, visibility: Public, operationType: ReadOID, description: null, type: Object, collectionType: None, isStatic: false, isOrdered: false, filter: null, precondition: null, body: null, postcondition: null, automaticSynchronize: true, customized: false, paging: false, customizedTransaction: false)
4830 [main] INFO  ipse.xtend.util.stdlib.IOExtensions  - es.ua.dlsi.ooh.conceptualView.impl.OperationImpl@125dc0f (name: getAllComentariosByProducto, visibility: Public, operationType: ReadFilter, description: null, type: Object, collectionType: List, isStatic: false, isOrdered: false, filter: FROM ComentarioEN com WHERE com.Producto.Id = :p_producto, precondition: null, body: null, postcondition: null, automaticSynchronize: false, customized: false, paging: true, customizedTransaction: false)
enc:utf-8
4847 [main] INFO  ipse.xtend.util.stdlib.IOExtensions  - es.ua.dlsi.ooh.conceptualView.impl.OperationImpl@1eb5ee5 (name: new, visibility: Public, operationType: New, description: null, type: Object, collectionType: None, isStatic: false, isOrdered: false, filter: null, precondition: null, body: null, postcondition: null, automaticSynchronize: true, customized: false, paging: false, customizedTransaction: false)
4847 [main] INFO  ipse.xtend.util.stdlib.IOExtensions  - es.ua.dlsi.ooh.conceptualView.impl.OperationImpl@d7259e (name: modify, visibility: Public, operationType: Modifier, description: null, type: Void, collectionType: None, isStatic: false, isOrdered: false, filter: null, precondition: null, body: null, postcondition: null, automaticSynchronize: true, customized: false, paging: false, customizedTransaction: false)
4847 [main] INFO  ipse.xtend.util.stdlib.IOExtensions  - es.ua.dlsi.ooh.conceptualView.impl.OperationImpl@8f5957 (name: destroy, visibility: Public, operationType: Destroy, description: null, type: Void, collectionType: None, isStatic: false, isOrdered: false, filter: null, precondition: null, body: null, postcondition: null, automaticSynchronize: true, customized: false, paging: false, customizedTransaction: false)
4847 [main] INFO  ipse.xtend.util.stdlib.IOExtensions  - es.ua.dlsi.ooh.conceptualView.impl.OperationImpl@122c3c3 (name: muestraUsuarios, visibility: Public, operationType: ReadAll, description: null, type: Object, collectionType: List, isStatic: false, isOrdered: false, filter: null, precondition: null, body: null, postcondition: null, automaticSynchronize: true, customized: false, paging: true, customizedTransaction: false)
4847 [main] INFO  ipse.xtend.util.stdlib.IOExtensions  - es.ua.dlsi.ooh.conceptualView.impl.OperationImpl@f3eef9 (name: desactivate, visibility: Public, operationType: Custom, description: null, type: Void, collectionType: None, isStatic: false, isOrdered: false, filter: null, precondition: null, body: null, postcondition: null, automaticSynchronize: true, customized: false, paging: false, customizedTransaction: false)
4847 [main] INFO  ipse.xtend.util.stdlib.IOExtensions  - es.ua.dlsi.ooh.conceptualView.impl.OperationImpl@291ae (name: muestraUsuarioPorOID, visibility: Public, operationType: ReadOID, description: null, type: Object, collectionType: None, isStatic: false, isOrdered: false, filter: null, precondition: null, body: null, postcondition: null, automaticSynchronize: true, customized: false, paging: false, customizedTransaction: false)
4847 [main] INFO  ipse.xtend.util.stdlib.IOExtensions  - es.ua.dlsi.ooh.conceptualView.impl.OperationImpl@eac852 (name: cambiarEstado, visibility: Public, operationType: Custom, description: null, type: Void, collectionType: None, isStatic: false, isOrdered: false, filter: null, precondition: null, body: null, postcondition: null, automaticSynchronize: true, customized: false, paging: false, customizedTransaction: false)
4847 [main] INFO  ipse.xtend.util.stdlib.IOExtensions  - es.ua.dlsi.ooh.conceptualView.impl.OperationImpl@f7298b (name: getUsuarioByNombre, visibility: Public, operationType: ReadFilter, description: null, type: Object, collectionType: List, isStatic: false, isOrdered: false, filter: FROM UsuarioEN as user WHERE user.Nombre LIKE '%'+:p_nombre +'%', precondition: null, body: null, postcondition: null, automaticSynchronize: false, customized: false, paging: true, customizedTransaction: false)
4847 [main] INFO  ipse.xtend.util.stdlib.IOExtensions  - es.ua.dlsi.ooh.conceptualView.impl.OperationImpl@a9f6af (name: addFavoritos, visibility: Public, operationType: Relationer, description: null, type: Void, collectionType: None, isStatic: false, isOrdered: false, filter: null, precondition: null, body: null, postcondition: null, automaticSynchronize: true, customized: false, paging: false, customizedTransaction: false)
4847 [main] INFO  ipse.xtend.util.stdlib.IOExtensions  - es.ua.dlsi.ooh.conceptualView.impl.OperationImpl@1835c46 (name: quitarFavoritos, visibility: Public, operationType: Unrelationer, description: null, type: Void, collectionType: None, isStatic: false, isOrdered: false, filter: null, precondition: null, body: null, postcondition: null, automaticSynchronize: true, customized: false, paging: false, customizedTransaction: false)
4847 [main] INFO  ipse.xtend.util.stdlib.IOExtensions  - es.ua.dlsi.ooh.conceptualView.impl.OperationImpl@ce78ec (name: realizarValoracion, visibility: Public, operationType: CustomTransaction, description: null, type: Void, collectionType: None, isStatic: false, isOrdered: false, filter: null, precondition: null, body: null, postcondition: null, automaticSynchronize: true, customized: false, paging: false, customizedTransaction: false)
enc:utf-8
enc:utf-8
4878 [main] INFO  ipse.xtend.util.stdlib.IOExtensions  - es.ua.dlsi.ooh.conceptualView.impl.OperationImpl@e6fdee (name: new, visibility: Public, operationType: New, description: null, type: Object, collectionType: None, isStatic: false, isOrdered: false, filter: null, precondition: null, body: null, postcondition: null, automaticSynchronize: true, customized: false, paging: false, customizedTransaction: false)
4878 [main] INFO  ipse.xtend.util.stdlib.IOExtensions  - es.ua.dlsi.ooh.conceptualView.impl.OperationImpl@150f9e (name: modify, visibility: Public, operationType: Modifier, description: null, type: Void, collectionType: None, isStatic: false, isOrdered: false, filter: null, precondition: null, body: null, postcondition: null, automaticSynchronize: true, customized: false, paging: false, customizedTransaction: false)
4878 [main] INFO  ipse.xtend.util.stdlib.IOExtensions  - es.ua.dlsi.ooh.conceptualView.impl.OperationImpl@1ff3e9e (name: destroy, visibility: Public, operationType: Destroy, description: null, type: Void, collectionType: None, isStatic: false, isOrdered: false, filter: null, precondition: null, body: null, postcondition: null, automaticSynchronize: true, customized: false, paging: false, customizedTransaction: false)
4878 [main] INFO  ipse.xtend.util.stdlib.IOExtensions  - es.ua.dlsi.ooh.conceptualView.impl.OperationImpl@1c17b83 (name: muestraCategorias, visibility: Public, operationType: ReadAll, description: null, type: Object, collectionType: List, isStatic: false, isOrdered: false, filter: null, precondition: null, body: null, postcondition: null, automaticSynchronize: true, customized: false, paging: true, customizedTransaction: false)
4878 [main] INFO  ipse.xtend.util.stdlib.IOExtensions  - es.ua.dlsi.ooh.conceptualView.impl.OperationImpl@826e7 (name: muestraCategoriaPorOID, visibility: Public, operationType: ReadOID, description: null, type: Object, collectionType: None, isStatic: false, isOrdered: false, filter: null, precondition: null, body: null, postcondition: null, automaticSynchronize: true, customized: false, paging: false, customizedTransaction: false)
4878 [main] INFO  ipse.xtend.util.stdlib.IOExtensions  - es.ua.dlsi.ooh.conceptualView.impl.OperationImpl@dbdac1 (name: crearSupercategoria, visibility: Public, operationType: Relationer, description: null, type: Void, collectionType: None, isStatic: false, isOrdered: false, filter: null, precondition: null, body: null, postcondition: null, automaticSynchronize: true, customized: false, paging: false, customizedTransaction: false)
4878 [main] INFO  ipse.xtend.util.stdlib.IOExtensions  - es.ua.dlsi.ooh.conceptualView.impl.OperationImpl@e1e309 (name: getSubcategorias, visibility: Public, operationType: ReadFilter, description: null, type: Object, collectionType: List, isStatic: false, isOrdered: false, filter:  SELECT subCat FROM CategoriaEN supCat INNER JOIN supCat.Subcategoria as subCat WHERE supCat .Id = :p_categoria, precondition: null, body: null, postcondition: null, automaticSynchronize: false, customized: false, paging: true, customizedTransaction: false)
4878 [main] INFO  ipse.xtend.util.stdlib.IOExtensions  - es.ua.dlsi.ooh.conceptualView.impl.OperationImpl@158da8e (name: getSubcategoriasByNombre, visibility: Public, operationType: ReadFilter, description: null, type: Object, collectionType: List, isStatic: false, isOrdered: false, filter:  SELECT subCat FROM CategoriaEN supCat INNER JOIN supCat.Subcategoria as subCat WHERE supCat.Nombre LIKE '%' + :p_nombre +'%', precondition: null, body: null, postcondition: null, automaticSynchronize: false, customized: false, paging: false, customizedTransaction: false)
4878 [main] INFO  ipse.xtend.util.stdlib.IOExtensions  - es.ua.dlsi.ooh.conceptualView.impl.OperationImpl@1af7f3d (name: getSupercategoriasByNombre, visibility: Public, operationType: ReadFilter, description: null, type: Object, collectionType: List, isStatic: false, isOrdered: false, filter: FROM CategoriaEN as subCat WHERE subCat.Supercategoria.Nombre LIKE '%' + :p_nombre + '%', precondition: null, body: null, postcondition: null, automaticSynchronize: false, customized: false, paging: false, customizedTransaction: false)
enc:utf-8
4893 [main] INFO  ipse.xtend.util.stdlib.IOExtensions  - es.ua.dlsi.ooh.conceptualView.impl.OperationImpl@156695f (name: new, visibility: Public, operationType: New, description: null, type: Object, collectionType: None, isStatic: false, isOrdered: false, filter: null, precondition: null, body: null, postcondition: null, automaticSynchronize: true, customized: false, paging: false, customizedTransaction: false)
4893 [main] INFO  ipse.xtend.util.stdlib.IOExtensions  - es.ua.dlsi.ooh.conceptualView.impl.OperationImpl@1b61f4a (name: modify, visibility: Public, operationType: Modifier, description: null, type: Void, collectionType: None, isStatic: false, isOrdered: false, filter: null, precondition: null, body: null, postcondition: null, automaticSynchronize: true, customized: false, paging: false, customizedTransaction: false)
4893 [main] INFO  ipse.xtend.util.stdlib.IOExtensions  - es.ua.dlsi.ooh.conceptualView.impl.OperationImpl@1f116cc (name: destroy, visibility: Public, operationType: Destroy, description: null, type: Void, collectionType: None, isStatic: false, isOrdered: false, filter: null, precondition: null, body: null, postcondition: null, automaticSynchronize: true, customized: false, paging: false, customizedTransaction: false)
4893 [main] INFO  ipse.xtend.util.stdlib.IOExtensions  - es.ua.dlsi.ooh.conceptualView.impl.OperationImpl@a7ecca (name: muestraProductos, visibility: Public, operationType: ReadAll, description: null, type: Object, collectionType: List, isStatic: false, isOrdered: false, filter: null, precondition: null, body: null, postcondition: null, automaticSynchronize: true, customized: false, paging: true, customizedTransaction: false)
4893 [main] INFO  ipse.xtend.util.stdlib.IOExtensions  - es.ua.dlsi.ooh.conceptualView.impl.OperationImpl@1309333 (name: muestraProductoPorOID, visibility: Public, operationType: ReadOID, description: null, type: Object, collectionType: None, isStatic: false, isOrdered: false, filter: null, precondition: null, body: null, postcondition: null, automaticSynchronize: true, customized: false, paging: false, customizedTransaction: false)
4893 [main] INFO  ipse.xtend.util.stdlib.IOExtensions  - es.ua.dlsi.ooh.conceptualView.impl.OperationImpl@c7ffd3 (name: incrementaStock, visibility: Public, operationType: Custom, description: null, type: Void, collectionType: None, isStatic: false, isOrdered: false, filter: null, precondition: null, body: null, postcondition: null, automaticSynchronize: true, customized: false, paging: false, customizedTransaction: false)
4893 [main] INFO  ipse.xtend.util.stdlib.IOExtensions  - es.ua.dlsi.ooh.conceptualView.impl.OperationImpl@181ce95 (name: decrementaStock, visibility: Public, operationType: Custom, description: null, type: Void, collectionType: None, isStatic: false, isOrdered: false, filter: null, precondition: null, body: null, postcondition: null, automaticSynchronize: true, customized: false, paging: false, customizedTransaction: false)
4893 [main] INFO  ipse.xtend.util.stdlib.IOExtensions  - es.ua.dlsi.ooh.conceptualView.impl.OperationImpl@bf72b5 (name: getProductosByNombre, visibility: Public, operationType: ReadFilter, description: null, type: Object, collectionType: List, isStatic: false, isOrdered: false, filter: FROM ProductoEN as pro WHERE pro.Nombre LIKE '%'+:p_nombre +'%', precondition: null, body: null, postcondition: null, automaticSynchronize: false, customized: false, paging: true, customizedTransaction: false)
4894 [main] INFO  ipse.xtend.util.stdlib.IOExtensions  - es.ua.dlsi.ooh.conceptualView.impl.OperationImpl@15aebb0 (name: getAllProductosByPedido, visibility: Public, operationType: ReadFilter, description: null, type: Object, collectionType: List, isStatic: false, isOrdered: false, filter: SELECT producto FROM ProductoEN producto INNER JOIN producto.LineaPedido as lnPed WHERE lnPed.Pedido.Id = :p_pedido, precondition: null, body: null, postcondition: null, automaticSynchronize: false, customized: false, paging: true, customizedTransaction: false)
4894 [main] INFO  ipse.xtend.util.stdlib.IOExtensions  - es.ua.dlsi.ooh.conceptualView.impl.OperationImpl@5b4bdc (name: getProductosVendidos, visibility: Public, operationType: ReadFilter, description: null, type: Object, collectionType: List, isStatic: false, isOrdered: false, filter: SELECT prod, sum(lnPed.Cantidad) FROM ProductoEN as prod INNER JOIN prod.LineaPedido as lnPed , precondition: null, body: null, postcondition: null, automaticSynchronize: false, customized: false, paging: true, customizedTransaction: false)
4894 [main] INFO  ipse.xtend.util.stdlib.IOExtensions  - es.ua.dlsi.ooh.conceptualView.impl.OperationImpl@64cb25 (name: getProductosNuevos, visibility: Public, operationType: ReadFilter, description: null, type: Object, collectionType: List, isStatic: false, isOrdered: false, filter: FROM ProductoEN as prod ORDER BY prod.Id desc, precondition: null, body: null, postcondition: null, automaticSynchronize: false, customized: false, paging: true, customizedTransaction: false)
4894 [main] INFO  ipse.xtend.util.stdlib.IOExtensions  - es.ua.dlsi.ooh.conceptualView.impl.OperationImpl@e5aa72 (name: getProductosDestacados, visibility: Public, operationType: ReadFilter, description: null, type: Object, collectionType: List, isStatic: false, isOrdered: false, filter: FROM ProductoEN as prod WHERE prod.Destacado = true, precondition: null, body: null, postcondition: null, automaticSynchronize: false, customized: false, paging: true, customizedTransaction: false)
4894 [main] INFO  ipse.xtend.util.stdlib.IOExtensions  - es.ua.dlsi.ooh.conceptualView.impl.OperationImpl@2545dc (name: cambiarDestacado, visibility: Public, operationType: Custom, description: null, type: Void, collectionType: None, isStatic: false, isOrdered: false, filter: null, precondition: null, body: null, postcondition: null, automaticSynchronize: true, customized: false, paging: false, customizedTransaction: false)
4894 [main] INFO  ipse.xtend.util.stdlib.IOExtensions  - es.ua.dlsi.ooh.conceptualView.impl.OperationImpl@293aa2 (name: cambiarOferta, visibility: Public, operationType: Custom, description: null, type: Void, collectionType: None, isStatic: false, isOrdered: false, filter: null, precondition: null, body: null, postcondition: null, automaticSynchronize: true, customized: false, paging: false, customizedTransaction: false)
4894 [main] INFO  ipse.xtend.util.stdlib.IOExtensions  - es.ua.dlsi.ooh.conceptualView.impl.OperationImpl@d1ad2e (name: getProductoConOferta, visibility: Public, operationType: ReadFilter, description: null, type: Object, collectionType: List, isStatic: false, isOrdered: false, filter: FROM ProductoEN prod WHERE prod.Oferta > 0, precondition: null, body: null, postcondition: null, automaticSynchronize: false, customized: false, paging: true, customizedTransaction: false)
4894 [main] INFO  ipse.xtend.util.stdlib.IOExtensions  - es.ua.dlsi.ooh.conceptualView.impl.OperationImpl@17275fc (name: getFavoritos, visibility: Public, operationType: ReadFilter, description: null, type: Object, collectionType: List, isStatic: false, isOrdered: false, filter: SELECT prod FROM ProductoEN as prod INNER JOIN prod.UsuarioFavorito as favs WHERE favs.Email = :p_usuario, precondition: null, body: null, postcondition: null, automaticSynchronize: false, customized: false, paging: true, customizedTransaction: false)
4894 [main] INFO  ipse.xtend.util.stdlib.IOExtensions  - es.ua.dlsi.ooh.conceptualView.impl.OperationImpl@c6f217 (name: getProductosCompradosByUsuario, visibility: Public, operationType: ReadFilter, description: null, type: Object, collectionType: List, isStatic: false, isOrdered: false, filter: SELECT prod FROM ProductoEN as prod INNER JOIN prod.LineaPedido as lnPed WHERE lnPed.Pedido.UsuarioPedido.Email = :p_usuario, precondition: null, body: null, postcondition: null, automaticSynchronize: false, customized: false, paging: true, customizedTransaction: false)
4894 [main] INFO  ipse.xtend.util.stdlib.IOExtensions  - es.ua.dlsi.ooh.conceptualView.impl.OperationImpl@1e2c065 (name: cambiarCategoria, visibility: Public, operationType: Relationer, description: null, type: Void, collectionType: None, isStatic: false, isOrdered: false, filter: null, precondition: null, body: null, postcondition: null, automaticSynchronize: true, customized: false, paging: false, customizedTransaction: false)
4894 [main] INFO  ipse.xtend.util.stdlib.IOExtensions  - es.ua.dlsi.ooh.conceptualView.impl.OperationImpl@7db1f (name: getProductosByNombreStock, visibility: Public, operationType: ReadFilter, description: null, type: Object, collectionType: List, isStatic: false, isOrdered: false, filter: FROM ProductoEN pro WHERE pro.Nombre LIKE '%'+:p_nombre +'%' and pro.Stock = 0, precondition: null, body: null, postcondition: null, automaticSynchronize: false, customized: false, paging: false, customizedTransaction: false)
4894 [main] INFO  ipse.xtend.util.stdlib.IOExtensions  - es.ua.dlsi.ooh.conceptualView.impl.OperationImpl@bc55de (name: getProductosByPrecios, visibility: Public, operationType: ReadFilter, description: null, type: Object, collectionType: List, isStatic: false, isOrdered: false, filter: FROM ProductoEN as prod WHERE prod.Precio BETWEEN :precio1 AND :precio2, precondition: null, body: null, postcondition: null, automaticSynchronize: false, customized: false, paging: false, customizedTransaction: false)
4894 [main] INFO  ipse.xtend.util.stdlib.IOExtensions  - es.ua.dlsi.ooh.conceptualView.impl.OperationImpl@1ec71f8 (name: getProductosByCategoria, visibility: Public, operationType: ReadFilter, description: null, type: Object, collectionType: List, isStatic: false, isOrdered: false, filter: FROM ProductoEN as pro WHERE pro.Categoria.Nombre LIKE '%' + :nombre + '%', precondition: null, body: null, postcondition: null, automaticSynchronize: false, customized: false, paging: false, customizedTransaction: false)
4894 [main] INFO  ipse.xtend.util.stdlib.IOExtensions  - es.ua.dlsi.ooh.conceptualView.impl.OperationImpl@902638 (name: getProductosBySuperCategoria, visibility: Public, operationType: ReadFilter, description: null, type: Object, collectionType: List, isStatic: false, isOrdered: false, filter: FROM ProductoEN as pro WHERE pro.Categoria.Supercategoria.Nombre LIKE '%' + :nombre + '%', precondition: null, body: null, postcondition: null, automaticSynchronize: false, customized: false, paging: false, customizedTransaction: false)
enc:utf-8
4910 [main] INFO  ipse.xtend.util.stdlib.IOExtensions  - es.ua.dlsi.ooh.conceptualView.impl.OperationImpl@1597028 (name: new, visibility: Public, operationType: New, description: null, type: Object, collectionType: None, isStatic: false, isOrdered: false, filter: null, precondition: null, body: null, postcondition: null, automaticSynchronize: true, customized: false, paging: false, customizedTransaction: false)
4910 [main] INFO  ipse.xtend.util.stdlib.IOExtensions  - es.ua.dlsi.ooh.conceptualView.impl.OperationImpl@1c27493 (name: modify, visibility: Public, operationType: Modifier, description: null, type: Void, collectionType: None, isStatic: false, isOrdered: false, filter: null, precondition: null, body: null, postcondition: null, automaticSynchronize: true, customized: false, paging: false, customizedTransaction: false)
4910 [main] INFO  ipse.xtend.util.stdlib.IOExtensions  - es.ua.dlsi.ooh.conceptualView.impl.OperationImpl@19f7dcf (name: destroy, visibility: Public, operationType: Destroy, description: null, type: Void, collectionType: None, isStatic: false, isOrdered: false, filter: null, precondition: null, body: null, postcondition: null, automaticSynchronize: true, customized: false, paging: false, customizedTransaction: false)
4910 [main] INFO  ipse.xtend.util.stdlib.IOExtensions  - es.ua.dlsi.ooh.conceptualView.impl.OperationImpl@1e2d654 (name: muestraPedidos, visibility: Public, operationType: ReadAll, description: null, type: Object, collectionType: List, isStatic: false, isOrdered: false, filter: null, precondition: null, body: null, postcondition: null, automaticSynchronize: true, customized: false, paging: true, customizedTransaction: false)
4911 [main] INFO  ipse.xtend.util.stdlib.IOExtensions  - es.ua.dlsi.ooh.conceptualView.impl.OperationImpl@1bd4fdd (name: muestraPedidoPorOID, visibility: Public, operationType: ReadOID, description: null, type: Object, collectionType: None, isStatic: false, isOrdered: false, filter: null, precondition: null, body: null, postcondition: null, automaticSynchronize: true, customized: false, paging: false, customizedTransaction: false)
4911 [main] INFO  ipse.xtend.util.stdlib.IOExtensions  - es.ua.dlsi.ooh.conceptualView.impl.OperationImpl@183df68 (name: enviarPedido, visibility: Public, operationType: CustomTransaction, description: null, type: Object, collectionType: None, isStatic: false, isOrdered: false, filter: null, precondition: null, body: null, postcondition: null, automaticSynchronize: true, customized: false, paging: false, customizedTransaction: false)
enc:utf-8
4926 [main] INFO  ipse.xtend.util.stdlib.IOExtensions  - es.ua.dlsi.ooh.conceptualView.impl.OperationImpl@10d63be (name: addDirEnvio, visibility: Public, operationType: Relationer, description: null, type: Void, collectionType: None, isStatic: false, isOrdered: false, filter: null, precondition: null, body: null, postcondition: null, automaticSynchronize: true, customized: false, paging: false, customizedTransaction: false)
4926 [main] INFO  ipse.xtend.util.stdlib.IOExtensions  - es.ua.dlsi.ooh.conceptualView.impl.OperationImpl@eb35e6 (name: addMetodoPago, visibility: Public, operationType: Relationer, description: null, type: Void, collectionType: None, isStatic: false, isOrdered: false, filter: null, precondition: null, body: null, postcondition: null, automaticSynchronize: true, customized: false, paging: false, customizedTransaction: false)
4927 [main] INFO  ipse.xtend.util.stdlib.IOExtensions  - es.ua.dlsi.ooh.conceptualView.impl.OperationImpl@16efaab (name: getAllPedidosByUsuario, visibility: Public, operationType: ReadFilter, description: null, type: Object, collectionType: List, isStatic: false, isOrdered: false, filter: FROM PedidoEN ped WHERE ped.UsuarioPedido.Id = :p_usuario, precondition: null, body: null, postcondition: null, automaticSynchronize: false, customized: false, paging: true, customizedTransaction: false)
4927 [main] INFO  ipse.xtend.util.stdlib.IOExtensions  - es.ua.dlsi.ooh.conceptualView.impl.OperationImpl@149e9bb (name: pagarPedido, visibility: Public, operationType: CustomTransaction, description: null, type: Void, collectionType: None, isStatic: false, isOrdered: false, filter: null, precondition: null, body: null, postcondition: null, automaticSynchronize: true, customized: false, paging: false, customizedTransaction: false)
enc:utf-8
4943 [main] INFO  ipse.xtend.util.stdlib.IOExtensions  - es.ua.dlsi.ooh.conceptualView.impl.OperationImpl@11d00c0 (name: recibirPedido, visibility: Public, operationType: CustomTransaction, description: null, type: Void, collectionType: None, isStatic: false, isOrdered: false, filter: null, precondition: null, body: null, postcondition: null, automaticSynchronize: true, customized: false, paging: false, customizedTransaction: false)
enc:utf-8
4958 [main] INFO  ipse.xtend.util.stdlib.IOExtensions  - es.ua.dlsi.ooh.conceptualView.impl.OperationImpl@1b699ef (name: rechazarPedido, visibility: Public, operationType: CustomTransaction, description: null, type: Void, collectionType: None, isStatic: false, isOrdered: false, filter: null, precondition: null, body: null, postcondition: null, automaticSynchronize: true, customized: false, paging: false, customizedTransaction: false)
enc:utf-8
enc:utf-8
4988 [main] INFO  ipse.xtend.util.stdlib.IOExtensions  - es.ua.dlsi.ooh.conceptualView.impl.OperationImpl@11de4c7 (name: new, visibility: Public, operationType: New, description: null, type: Object, collectionType: None, isStatic: false, isOrdered: false, filter: null, precondition: null, body: null, postcondition: null, automaticSynchronize: true, customized: false, paging: false, customizedTransaction: false)
4989 [main] INFO  ipse.xtend.util.stdlib.IOExtensions  - es.ua.dlsi.ooh.conceptualView.impl.OperationImpl@7b252e (name: modify, visibility: Public, operationType: Modifier, description: null, type: Void, collectionType: None, isStatic: false, isOrdered: false, filter: null, precondition: null, body: null, postcondition: null, automaticSynchronize: true, customized: false, paging: false, customizedTransaction: false)
4989 [main] INFO  ipse.xtend.util.stdlib.IOExtensions  - es.ua.dlsi.ooh.conceptualView.impl.OperationImpl@583ecf (name: destroy, visibility: Public, operationType: Destroy, description: null, type: Void, collectionType: None, isStatic: false, isOrdered: false, filter: null, precondition: null, body: null, postcondition: null, automaticSynchronize: true, customized: false, paging: false, customizedTransaction: false)
4989 [main] INFO  ipse.xtend.util.stdlib.IOExtensions  - es.ua.dlsi.ooh.conceptualView.impl.OperationImpl@f2bd5b (name: muestraLineaPedidos, visibility: Public, operationType: ReadAll, description: null, type: Object, collectionType: List, isStatic: false, isOrdered: false, filter: null, precondition: null, body: null, postcondition: null, automaticSynchronize: true, customized: false, paging: true, customizedTransaction: false)
4989 [main] INFO  ipse.xtend.util.stdlib.IOExtensions  - es.ua.dlsi.ooh.conceptualView.impl.OperationImpl@1b2bbc3 (name: muestraLineaPedidoPorOID, visibility: Public, operationType: ReadOID, description: null, type: Object, collectionType: None, isStatic: false, isOrdered: false, filter: null, precondition: null, body: null, postcondition: null, automaticSynchronize: true, customized: false, paging: false, customizedTransaction: false)
enc:utf-8
5004 [main] INFO  ipse.xtend.util.stdlib.IOExtensions  - es.ua.dlsi.ooh.conceptualView.impl.OperationImpl@1888435 (name: login, visibility: Public, operationType: Login, description: null, type: Boolean, collectionType: None, isStatic: false, isOrdered: false, filter: null, precondition: null, body: null, postcondition: null, automaticSynchronize: true, customized: true, paging: false, customizedTransaction: false)
5004 [main] INFO  ipse.xtend.util.stdlib.IOExtensions  - es.ua.dlsi.ooh.conceptualView.impl.OperationImpl@2796d (name: logout, visibility: Public, operationType: Custom, description: null, type: Void, collectionType: None, isStatic: false, isOrdered: false, filter: null, precondition: null, body: null, postcondition: null, automaticSynchronize: true, customized: false, paging: false, customizedTransaction: false)
5004 [main] INFO  ipse.xtend.util.stdlib.IOExtensions  - es.ua.dlsi.ooh.conceptualView.impl.OperationImpl@1474f18 (name: new, visibility: Public, operationType: New, description: null, type: Object, collectionType: None, isStatic: false, isOrdered: false, filter: null, precondition: null, body: null, postcondition: null, automaticSynchronize: true, customized: false, paging: false, customizedTransaction: false)
5004 [main] INFO  ipse.xtend.util.stdlib.IOExtensions  - es.ua.dlsi.ooh.conceptualView.impl.OperationImpl@1d477ed (name: modify, visibility: Public, operationType: Modifier, description: null, type: Void, collectionType: None, isStatic: false, isOrdered: false, filter: null, precondition: null, body: null, postcondition: null, automaticSynchronize: true, customized: false, paging: false, customizedTransaction: false)
5004 [main] INFO  ipse.xtend.util.stdlib.IOExtensions  - es.ua.dlsi.ooh.conceptualView.impl.OperationImpl@1e94a96 (name: destroy, visibility: Public, operationType: Destroy, description: null, type: Void, collectionType: None, isStatic: false, isOrdered: false, filter: null, precondition: null, body: null, postcondition: null, automaticSynchronize: true, customized: false, paging: false, customizedTransaction: false)
enc:utf-8
5020 [main] INFO  ipse.xtend.util.stdlib.IOExtensions  - es.ua.dlsi.ooh.conceptualView.impl.OperationImpl@fc695d (name: new, visibility: Public, operationType: New, description: null, type: Object, collectionType: None, isStatic: false, isOrdered: false, filter: null, precondition: null, body: null, postcondition: null, automaticSynchronize: true, customized: false, paging: false, customizedTransaction: false)
5020 [main] INFO  ipse.xtend.util.stdlib.IOExtensions  - es.ua.dlsi.ooh.conceptualView.impl.OperationImpl@fcd809 (name: modify, visibility: Public, operationType: Modifier, description: null, type: Void, collectionType: None, isStatic: false, isOrdered: false, filter: null, precondition: null, body: null, postcondition: null, automaticSynchronize: true, customized: false, paging: false, customizedTransaction: false)
5020 [main] INFO  ipse.xtend.util.stdlib.IOExtensions  - es.ua.dlsi.ooh.conceptualView.impl.OperationImpl@7a06ec (name: destroy, visibility: Public, operationType: Destroy, description: null, type: Void, collectionType: None, isStatic: false, isOrdered: false, filter: null, precondition: null, body: null, postcondition: null, automaticSynchronize: true, customized: false, paging: false, customizedTransaction: false)
enc:utf-8
5034 [main] INFO  ipse.xtend.util.stdlib.IOExtensions  - es.ua.dlsi.ooh.conceptualView.impl.OperationImpl@425407 (name: new, visibility: Public, operationType: New, description: null, type: Object, collectionType: None, isStatic: false, isOrdered: false, filter: null, precondition: null, body: null, postcondition: null, automaticSynchronize: true, customized: false, paging: false, customizedTransaction: false)
5035 [main] INFO  ipse.xtend.util.stdlib.IOExtensions  - es.ua.dlsi.ooh.conceptualView.impl.OperationImpl@25e1b6 (name: modify, visibility: Public, operationType: Modifier, description: null, type: Void, collectionType: None, isStatic: false, isOrdered: false, filter: null, precondition: null, body: null, postcondition: null, automaticSynchronize: true, customized: false, paging: false, customizedTransaction: false)
5035 [main] INFO  ipse.xtend.util.stdlib.IOExtensions  - es.ua.dlsi.ooh.conceptualView.impl.OperationImpl@1165b38 (name: destroy, visibility: Public, operationType: Destroy, description: null, type: Void, collectionType: None, isStatic: false, isOrdered: false, filter: null, precondition: null, body: null, postcondition: null, automaticSynchronize: true, customized: false, paging: false, customizedTransaction: false)
5035 [main] INFO  ipse.xtend.util.stdlib.IOExtensions  - es.ua.dlsi.ooh.conceptualView.impl.OperationImpl@186beff (name: muestraSliderPorOID, visibility: Public, operationType: ReadOID, description: null, type: Object, collectionType: None, isStatic: false, isOrdered: false, filter: null, precondition: null, body: null, postcondition: null, automaticSynchronize: true, customized: false, paging: false, customizedTransaction: false)
5035 [main] INFO  ipse.xtend.util.stdlib.IOExtensions  - es.ua.dlsi.ooh.conceptualView.impl.OperationImpl@15b41f (name: muestraSliders, visibility: Public, operationType: ReadAll, description: null, type: Object, collectionType: List, isStatic: false, isOrdered: false, filter: null, precondition: null, body: null, postcondition: null, automaticSynchronize: true, customized: false, paging: true, customizedTransaction: false)
5035 [main] INFO  ipse.xtend.util.stdlib.IOExtensions  - es.ua.dlsi.ooh.conceptualView.impl.OperationImpl@142c4ed (name: cambiarImagen, visibility: Public, operationType: Custom, description: null, type: Void, collectionType: None, isStatic: false, isOrdered: false, filter: null, precondition: null, body: null, postcondition: null, automaticSynchronize: true, customized: false, paging: false, customizedTransaction: false)
enc:utf-8
5049 [main] INFO  ipse.xtend.util.stdlib.IOExtensions  - es.ua.dlsi.ooh.conceptualView.impl.OperationImpl@17ed35e (name: new, visibility: Public, operationType: New, description: null, type: Object, collectionType: None, isStatic: false, isOrdered: false, filter: null, precondition: null, body: null, postcondition: null, automaticSynchronize: true, customized: false, paging: false, customizedTransaction: false)
5049 [main] INFO  ipse.xtend.util.stdlib.IOExtensions  - es.ua.dlsi.ooh.conceptualView.impl.OperationImpl@2ac478 (name: modify, visibility: Public, operationType: Modifier, description: null, type: Void, collectionType: None, isStatic: false, isOrdered: false, filter: null, precondition: null, body: null, postcondition: null, automaticSynchronize: true, customized: false, paging: false, customizedTransaction: false)
5050 [main] INFO  ipse.xtend.util.stdlib.IOExtensions  - es.ua.dlsi.ooh.conceptualView.impl.OperationImpl@1c2494c (name: destroy, visibility: Public, operationType: Destroy, description: null, type: Void, collectionType: None, isStatic: false, isOrdered: false, filter: null, precondition: null, body: null, postcondition: null, automaticSynchronize: true, customized: false, paging: false, customizedTransaction: false)
5050 [main] INFO  ipse.xtend.util.stdlib.IOExtensions  - es.ua.dlsi.ooh.conceptualView.impl.OperationImpl@13795b6 (name: muestraProductoDescripcionPorOID, visibility: Public, operationType: ReadOID, description: null, type: Object, collectionType: None, isStatic: false, isOrdered: false, filter: null, precondition: null, body: null, postcondition: null, automaticSynchronize: true, customized: false, paging: false, customizedTransaction: false)
5050 [main] INFO  ipse.xtend.util.stdlib.IOExtensions  - es.ua.dlsi.ooh.conceptualView.impl.OperationImpl@1da8e08 (name: muestraProductoDescripcion, visibility: Public, operationType: ReadAll, description: null, type: Object, collectionType: List, isStatic: false, isOrdered: false, filter: null, precondition: null, body: null, postcondition: null, automaticSynchronize: true, customized: false, paging: true, customizedTransaction: false)
enc:utf-8
5064 [main] INFO  ipse.xtend.util.stdlib.IOExtensions  - es.ua.dlsi.ooh.conceptualView.impl.OperationImpl@10090a4 (name: new, visibility: Public, operationType: New, description: null, type: Object, collectionType: None, isStatic: false, isOrdered: false, filter: null, precondition: null, body: null, postcondition: null, automaticSynchronize: true, customized: false, paging: false, customizedTransaction: false)
5064 [main] INFO  ipse.xtend.util.stdlib.IOExtensions  - es.ua.dlsi.ooh.conceptualView.impl.OperationImpl@116aac9 (name: modify, visibility: Public, operationType: Modifier, description: null, type: Void, collectionType: None, isStatic: false, isOrdered: false, filter: null, precondition: null, body: null, postcondition: null, automaticSynchronize: true, customized: false, paging: false, customizedTransaction: false)
5064 [main] INFO  ipse.xtend.util.stdlib.IOExtensions  - es.ua.dlsi.ooh.conceptualView.impl.OperationImpl@677343 (name: destroy, visibility: Public, operationType: Destroy, description: null, type: Void, collectionType: None, isStatic: false, isOrdered: false, filter: null, precondition: null, body: null, postcondition: null, automaticSynchronize: true, customized: false, paging: false, customizedTransaction: false)
5065 [main] INFO  ipse.xtend.util.stdlib.IOExtensions  - es.ua.dlsi.ooh.conceptualView.impl.OperationImpl@9115ef (name: muestraCategoriaDescripcionPorOID, visibility: Public, operationType: ReadOID, description: null, type: Object, collectionType: None, isStatic: false, isOrdered: false, filter: null, precondition: null, body: null, postcondition: null, automaticSynchronize: true, customized: false, paging: false, customizedTransaction: false)
5065 [main] INFO  ipse.xtend.util.stdlib.IOExtensions  - es.ua.dlsi.ooh.conceptualView.impl.OperationImpl@18b6731 (name: muestraCategoriaDescripcion, visibility: Public, operationType: ReadAll, description: null, type: Object, collectionType: List, isStatic: false, isOrdered: false, filter: null, precondition: null, body: null, postcondition: null, automaticSynchronize: true, customized: false, paging: true, customizedTransaction: false)
enc:utf-8
5080 [main] INFO  ipse.xtend.util.stdlib.IOExtensions  - es.ua.dlsi.ooh.conceptualView.impl.OperationImpl@8711f (name: new, visibility: Public, operationType: New, description: null, type: Object, collectionType: None, isStatic: false, isOrdered: false, filter: null, precondition: null, body: null, postcondition: null, automaticSynchronize: true, customized: false, paging: false, customizedTransaction: false)
5080 [main] INFO  ipse.xtend.util.stdlib.IOExtensions  - es.ua.dlsi.ooh.conceptualView.impl.OperationImpl@d76f31 (name: modify, visibility: Public, operationType: Modifier, description: null, type: Void, collectionType: None, isStatic: false, isOrdered: false, filter: null, precondition: null, body: null, postcondition: null, automaticSynchronize: true, customized: false, paging: false, customizedTransaction: false)
5080 [main] INFO  ipse.xtend.util.stdlib.IOExtensions  - es.ua.dlsi.ooh.conceptualView.impl.OperationImpl@fbd1f6 (name: destroy, visibility: Public, operationType: Destroy, description: null, type: Void, collectionType: None, isStatic: false, isOrdered: false, filter: null, precondition: null, body: null, postcondition: null, automaticSynchronize: true, customized: false, paging: false, customizedTransaction: false)
5080 [main] INFO  ipse.xtend.util.stdlib.IOExtensions  - es.ua.dlsi.ooh.conceptualView.impl.OperationImpl@1da768f (name: muestraFacturaPorOID, visibility: Public, operationType: ReadOID, description: null, type: Object, collectionType: None, isStatic: false, isOrdered: false, filter: null, precondition: null, body: null, postcondition: null, automaticSynchronize: true, customized: false, paging: false, customizedTransaction: false)
5080 [main] INFO  ipse.xtend.util.stdlib.IOExtensions  - es.ua.dlsi.ooh.conceptualView.impl.OperationImpl@269709 (name: muestraFacturas, visibility: Public, operationType: ReadAll, description: null, type: Object, collectionType: List, isStatic: false, isOrdered: false, filter: null, precondition: null, body: null, postcondition: null, automaticSynchronize: true, customized: false, paging: true, customizedTransaction: false)
5080 [main] INFO  ipse.xtend.util.stdlib.IOExtensions  - es.ua.dlsi.ooh.conceptualView.impl.OperationImpl@ceadd4 (name: getFacturaByPedido, visibility: Public, operationType: ReadFilter, description: null, type: Object, collectionType: List, isStatic: false, isOrdered: false, filter: FROM FacturaEN fact WHERE fact.Pedido.Id = :p_pedido, precondition: null, body: null, postcondition: null, automaticSynchronize: false, customized: false, paging: true, customizedTransaction: false)
enc:utf-8
5096 [main] INFO  ipse.xtend.util.stdlib.IOExtensions  - es.ua.dlsi.ooh.conceptualView.impl.OperationImpl@1e98b1c (name: new, visibility: Public, operationType: New, description: null, type: Object, collectionType: None, isStatic: false, isOrdered: false, filter: null, precondition: null, body: null, postcondition: null, automaticSynchronize: true, customized: false, paging: false, customizedTransaction: false)
5096 [main] INFO  ipse.xtend.util.stdlib.IOExtensions  - es.ua.dlsi.ooh.conceptualView.impl.OperationImpl@162f559 (name: modify, visibility: Public, operationType: Modifier, description: null, type: Void, collectionType: None, isStatic: false, isOrdered: false, filter: null, precondition: null, body: null, postcondition: null, automaticSynchronize: true, customized: false, paging: false, customizedTransaction: false)
5096 [main] INFO  ipse.xtend.util.stdlib.IOExtensions  - es.ua.dlsi.ooh.conceptualView.impl.OperationImpl@7bddad (name: destroy, visibility: Public, operationType: Destroy, description: null, type: Void, collectionType: None, isStatic: false, isOrdered: false, filter: null, precondition: null, body: null, postcondition: null, automaticSynchronize: true, customized: false, paging: false, customizedTransaction: false)
5096 [main] INFO  ipse.xtend.util.stdlib.IOExtensions  - es.ua.dlsi.ooh.conceptualView.impl.OperationImpl@170f470 (name: muestraDireccionPorOID, visibility: Public, operationType: ReadOID, description: null, type: Object, collectionType: None, isStatic: false, isOrdered: false, filter: null, precondition: null, body: null, postcondition: null, automaticSynchronize: true, customized: false, paging: false, customizedTransaction: false)
5097 [main] INFO  ipse.xtend.util.stdlib.IOExtensions  - es.ua.dlsi.ooh.conceptualView.impl.OperationImpl@313fcc (name: muestraDirecciones, visibility: Public, operationType: ReadAll, description: null, type: Object, collectionType: List, isStatic: false, isOrdered: false, filter: null, precondition: null, body: null, postcondition: null, automaticSynchronize: true, customized: false, paging: true, customizedTransaction: false)
5097 [main] INFO  ipse.xtend.util.stdlib.IOExtensions  - es.ua.dlsi.ooh.conceptualView.impl.OperationImpl@1d20d0b (name: getDirEnvioByPedido, visibility: Public, operationType: ReadFilter, description: null, type: Object, collectionType: List, isStatic: false, isOrdered: false, filter: SELECT dir FROM DirEnvioEN as dir INNER JOIN dir.Pedido as ped WHERE ped.Id = :p_pedido, precondition: null, body: null, postcondition: null, automaticSynchronize: false, customized: false, paging: true, customizedTransaction: false)
enc:utf-8
5111 [main] INFO  ipse.xtend.util.stdlib.IOExtensions  - es.ua.dlsi.ooh.conceptualView.impl.OperationImpl@325e14 (name: new, visibility: Public, operationType: New, description: null, type: Object, collectionType: None, isStatic: false, isOrdered: false, filter: null, precondition: null, body: null, postcondition: null, automaticSynchronize: true, customized: false, paging: false, customizedTransaction: false)
5111 [main] INFO  ipse.xtend.util.stdlib.IOExtensions  - es.ua.dlsi.ooh.conceptualView.impl.OperationImpl@20d525 (name: modify, visibility: Public, operationType: Modifier, description: null, type: Void, collectionType: None, isStatic: false, isOrdered: false, filter: null, precondition: null, body: null, postcondition: null, automaticSynchronize: true, customized: false, paging: false, customizedTransaction: false)
5111 [main] INFO  ipse.xtend.util.stdlib.IOExtensions  - es.ua.dlsi.ooh.conceptualView.impl.OperationImpl@1453e37 (name: destroy, visibility: Public, operationType: Destroy, description: null, type: Void, collectionType: None, isStatic: false, isOrdered: false, filter: null, precondition: null, body: null, postcondition: null, automaticSynchronize: true, customized: false, paging: false, customizedTransaction: false)
5111 [main] INFO  ipse.xtend.util.stdlib.IOExtensions  - es.ua.dlsi.ooh.conceptualView.impl.OperationImpl@e13544 (name: muestraMetodoPagoPorOID, visibility: Public, operationType: ReadOID, description: null, type: Object, collectionType: None, isStatic: false, isOrdered: false, filter: null, precondition: null, body: null, postcondition: null, automaticSynchronize: true, customized: false, paging: false, customizedTransaction: false)
5111 [main] INFO  ipse.xtend.util.stdlib.IOExtensions  - es.ua.dlsi.ooh.conceptualView.impl.OperationImpl@1c0f706 (name: muestraMetodoPagos, visibility: Public, operationType: ReadAll, description: null, type: Object, collectionType: List, isStatic: false, isOrdered: false, filter: null, precondition: null, body: null, postcondition: null, automaticSynchronize: true, customized: false, paging: true, customizedTransaction: false)
5111 [main] INFO  ipse.xtend.util.stdlib.IOExtensions  - es.ua.dlsi.ooh.conceptualView.impl.OperationImpl@9e306 (name: getMetodoPagoByPedido, visibility: Public, operationType: ReadFilter, description: null, type: Object, collectionType: List, isStatic: false, isOrdered: false, filter: SELECT met FROM MetodoPagoEN as met INNER JOIN met.Pedido as ped WHERE ped.Id = :p_pedido, precondition: null, body: null, postcondition: null, automaticSynchronize: false, customized: false, paging: true, customizedTransaction: false)
enc:utf-8
5127 [main] INFO  ipse.xtend.util.stdlib.IOExtensions  - es.ua.dlsi.ooh.conceptualView.impl.OperationImpl@1f7cd29 (name: new, visibility: Public, operationType: New, description: null, type: Object, collectionType: None, isStatic: false, isOrdered: false, filter: null, precondition: null, body: null, postcondition: null, automaticSynchronize: true, customized: false, paging: false, customizedTransaction: false)
5127 [main] INFO  ipse.xtend.util.stdlib.IOExtensions  - es.ua.dlsi.ooh.conceptualView.impl.OperationImpl@1d8407f (name: modify, visibility: Public, operationType: Modifier, description: null, type: Void, collectionType: None, isStatic: false, isOrdered: false, filter: null, precondition: null, body: null, postcondition: null, automaticSynchronize: true, customized: false, paging: false, customizedTransaction: false)
5128 [main] INFO  ipse.xtend.util.stdlib.IOExtensions  - es.ua.dlsi.ooh.conceptualView.impl.OperationImpl@a9760d (name: destroy, visibility: Public, operationType: Destroy, description: null, type: Void, collectionType: None, isStatic: false, isOrdered: false, filter: null, precondition: null, body: null, postcondition: null, automaticSynchronize: true, customized: false, paging: false, customizedTransaction: false)
5128 [main] INFO  ipse.xtend.util.stdlib.IOExtensions  - es.ua.dlsi.ooh.conceptualView.impl.OperationImpl@14df057 (name: getEnvioByPedido, visibility: Public, operationType: ReadFilter, description: null, type: Object, collectionType: List, isStatic: false, isOrdered: false, filter: FROM EnvioEN env WHERE env.Pedido.Id = :p_pedido, precondition: null, body: null, postcondition: null, automaticSynchronize: false, customized: false, paging: true, customizedTransaction: false)
5128 [main] INFO  ipse.xtend.util.stdlib.IOExtensions  - es.ua.dlsi.ooh.conceptualView.impl.OperationImpl@ebe890 (name: cambioEnvio, visibility: Public, operationType: Custom, description: null, type: Void, collectionType: None, isStatic: false, isOrdered: false, filter: null, precondition: null, body: null, postcondition: null, automaticSynchronize: true, customized: false, paging: false, customizedTransaction: false)
enc:utf-8
5152 [main] INFO  ipse.xtend.util.stdlib.IOExtensions  - ValoracionEN
enc:utf-8
5172 [main] INFO  ipse.xtend.util.stdlib.IOExtensions  - ComentarioEN
enc:utf-8
5192 [main] INFO  ipse.xtend.util.stdlib.IOExtensions  - UsuarioEN
enc:utf-8
5223 [main] INFO  ipse.xtend.util.stdlib.IOExtensions  - CategoriaEN
enc:utf-8
5247 [main] INFO  ipse.xtend.util.stdlib.IOExtensions  - ProductoEN
enc:utf-8
5275 [main] INFO  ipse.xtend.util.stdlib.IOExtensions  - PedidoEN
enc:utf-8
5299 [main] INFO  ipse.xtend.util.stdlib.IOExtensions  - LineaPedidoEN
enc:utf-8
5318 [main] INFO  ipse.xtend.util.stdlib.IOExtensions  - UsuarioBasicoEN
enc:utf-8
5340 [main] INFO  ipse.xtend.util.stdlib.IOExtensions  - AdministradorEN
enc:utf-8
5359 [main] INFO  ipse.xtend.util.stdlib.IOExtensions  - SliderEN
enc:utf-8
5378 [main] INFO  ipse.xtend.util.stdlib.IOExtensions  - ProductoDescripcionEN
enc:utf-8
5397 [main] INFO  ipse.xtend.util.stdlib.IOExtensions  - CategoriaDescripcionEN
enc:utf-8
5417 [main] INFO  ipse.xtend.util.stdlib.IOExtensions  - FacturaEN
enc:utf-8
5437 [main] INFO  ipse.xtend.util.stdlib.IOExtensions  - DirEnvioEN
enc:utf-8
5458 [main] INFO  ipse.xtend.util.stdlib.IOExtensions  - MetodoPagoEN
enc:utf-8
5478 [main] INFO  ipse.xtend.util.stdlib.IOExtensions  - EnvioEN
enc:utf-8
enc:utf-8
enc:utf-8
enc:utf-8
enc:utf-8
5563 [main] INFO  ipse.xtend.util.stdlib.IOExtensions  - EN
5566 [main] INFO  ipse.xtend.util.stdlib.IOExtensions  - EN
5570 [main] INFO  ipse.xtend.util.stdlib.IOExtensions  - EN
5573 [main] INFO  ipse.xtend.util.stdlib.IOExtensions  - EN
5576 [main] INFO  ipse.xtend.util.stdlib.IOExtensions  - EN
5579 [main] INFO  ipse.xtend.util.stdlib.IOExtensions  - EN
5580 [main] INFO  ipse.xtend.util.stdlib.IOExtensions  - EN
5582 [main] INFO  ipse.xtend.util.stdlib.IOExtensions  - EN
5583 [main] INFO  ipse.xtend.util.stdlib.IOExtensions  - EN
5584 [main] INFO  ipse.xtend.util.stdlib.IOExtensions  - EN
5585 [main] INFO  ipse.xtend.util.stdlib.IOExtensions  - EN
5586 [main] INFO  ipse.xtend.util.stdlib.IOExtensions  - EN
5591 [main] INFO  ipse.xtend.util.stdlib.IOExtensions  - EN
5592 [main] INFO  ipse.xtend.util.stdlib.IOExtensions  - EN
enc:utf-8
enc:utf-8
5624 [main] INFO         org.eclipse.xpand2.Generator  - Written 2 files to outlet [default](../BaseDatosGen)
5624 [main] INFO         org.eclipse.xpand2.Generator  - Skipped writing of 133 files to outlet [default](../BaseDatosGen)
5624 [main] INFO  e.core.container.CompositeComponent  - es.ua.dlsi.ooh.persistence.nhibernate.generator.workflowComponents.CreateSolution
5630 [main] INFO  e.core.container.CompositeComponent  - es.ua.dlsi.ooh.persistence.nhibernate.generator.workflowComponents.UpdateSolution
5636 [main] INFO  e.core.container.CompositeComponent  - es.ua.dlsi.ooh.persistence.nhibernate.generator.workflowComponents.CopyDLLs
../BaseDatosGen\BaseDatosGenNHibernate\AppLib\Antlr3.Runtime.dll
../BaseDatosGen\BaseDatosGenNHibernate\AppLib\Castle.DynamicProxy2.dll
../BaseDatosGen\BaseDatosGenNHibernate\AppLib\Iesi.Collections.dll
../BaseDatosGen\BaseDatosGenNHibernate\AppLib\jose-jwt.dll
../BaseDatosGen\BaseDatosGenNHibernate\AppLib\LinFu.DynamicProxy.dll
../BaseDatosGen\BaseDatosGenNHibernate\AppLib\log4net.dll
../BaseDatosGen\BaseDatosGenNHibernate\AppLib\Newtonsoft.Json.dll
../BaseDatosGen\BaseDatosGenNHibernate\AppLib\NHibernate.ByteCode.Castle.dll
../BaseDatosGen\BaseDatosGenNHibernate\AppLib\NHibernate.ByteCode.LinFu.dll
../BaseDatosGen\BaseDatosGenNHibernate\AppLib\NHibernate.dll
../BaseDatosGen\BaseDatosGenNHibernate\AppLib\nunit.core.dll
../BaseDatosGen\BaseDatosGenNHibernate\AppLib\nunit.framework.dll
5645 [main] INFO  eclipse.emf.mwe.core.WorkflowEngine  - workflow completed in 4886ms!
